{"C:\\Users\\erayz\\Dropbox\\Semester 3\\Web II\\we2.blatt07\\src\\app.ts": {"path":"C:\\Users\\erayz\\Dropbox\\Semester 3\\Web II\\we2.blatt07\\src\\app.ts","statementMap":{"0":{"start":{"line":1,"column":0},"end":{"line":1,"column":30}},"1":{"start":{"line":2,"column":0},"end":{"line":2,"column":30}},"2":{"start":{"line":4,"column":0},"end":{"line":4,"column":45}},"3":{"start":{"line":5,"column":0},"end":{"line":5,"column":49}},"4":{"start":{"line":6,"column":0},"end":{"line":6,"column":49}},"5":{"start":{"line":7,"column":0},"end":{"line":7,"column":53}},"6":{"start":{"line":8,"column":0},"end":{"line":8,"column":41}},"7":{"start":{"line":10,"column":12},"end":{"line":10,"column":21}},"8":{"start":{"line":13,"column":0},"end":{"line":13,"column":29}},"9":{"start":{"line":14,"column":0},"end":{"line":14,"column":24}},"10":{"start":{"line":16,"column":0},"end":{"line":16,"column":37}},"11":{"start":{"line":17,"column":0},"end":{"line":17,"column":null}},"12":{"start":{"line":18,"column":0},"end":{"line":18,"column":39}},"13":{"start":{"line":19,"column":0},"end":{"line":19,"column":39}},"14":{"start":{"line":23,"column":0},"end":{"line":23,"column":19}}},"fnMap":{},"branchMap":{},"s":{"0":9,"1":9,"2":9,"3":9,"4":9,"5":9,"6":9,"7":9,"8":9,"9":9,"10":9,"11":9,"12":9,"13":9,"14":9},"f":{},"b":{}}
,"C:\\Users\\erayz\\Dropbox\\Semester 3\\Web II\\we2.blatt07\\src\\model\\EintragModel.ts": {"path":"C:\\Users\\erayz\\Dropbox\\Semester 3\\Web II\\we2.blatt07\\src\\model\\EintragModel.ts","statementMap":{"0":{"start":{"line":1,"column":0},"end":{"line":1,"column":45}},"1":{"start":{"line":12,"column":22},"end":{"line":18,"column":23}},"2":{"start":{"line":20,"column":13},"end":{"line":20,"column":57}}},"fnMap":{},"branchMap":{},"s":{"0":15,"1":15,"2":15},"f":{},"b":{}}
,"C:\\Users\\erayz\\Dropbox\\Semester 3\\Web II\\we2.blatt07\\src\\model\\PflegerModel.ts": {"path":"C:\\Users\\erayz\\Dropbox\\Semester 3\\Web II\\we2.blatt07\\src\\model\\PflegerModel.ts","statementMap":{"0":{"start":{"line":1,"column":0},"end":{"line":1,"column":52}},"1":{"start":{"line":2,"column":0},"end":{"line":2,"column":35}},"2":{"start":{"line":18,"column":22},"end":{"line":22,"column":2}},"3":{"start":{"line":26,"column":0},"end":{"line":35,"column":null}},"4":{"start":{"line":29,"column":8},"end":{"line":31,"column":9}},"5":{"start":{"line":30,"column":12},"end":{"line":30,"column":55}},"6":{"start":{"line":33,"column":8},"end":{"line":33,"column":61}},"7":{"start":{"line":38,"column":0},"end":{"line":43,"column":3}},"8":{"start":{"line":39,"column":4},"end":{"line":42,"column":9}},"9":{"start":{"line":40,"column":8},"end":{"line":40,"column":63}},"10":{"start":{"line":45,"column":0},"end":{"line":52,"column":3}},"11":{"start":{"line":47,"column":26},"end":{"line":47,"column":42}},"12":{"start":{"line":48,"column":4},"end":{"line":51,"column":5}},"13":{"start":{"line":50,"column":8},"end":{"line":50,"column":80}},"14":{"start":{"line":55,"column":13},"end":{"line":55,"column":81}}},"fnMap":{"0":{"name":"(anonymous_13)","decl":{"start":{"line":27,"column":4},"end":{"line":27,"column":20}},"loc":{"start":{"line":27,"column":36},"end":{"line":34,"column":null}}},"1":{"name":"(anonymous_15)","decl":{"start":{"line":38,"column":26},"end":{"line":38,"column":null}},"loc":{"start":{"line":38,"column":26},"end":{"line":43,"column":2}}},"2":{"name":"(anonymous_17)","decl":{"start":{"line":45,"column":31},"end":{"line":45,"column":null}},"loc":{"start":{"line":45,"column":31},"end":{"line":52,"column":2}}}},"branchMap":{"0":{"loc":{"start":{"line":29,"column":8},"end":{"line":31,"column":9}},"type":"if","locations":[{"start":{"line":29,"column":8},"end":{"line":31,"column":9}}]},"1":{"loc":{"start":{"line":39,"column":4},"end":{"line":42,"column":9}},"type":"if","locations":[{"start":{"line":39,"column":4},"end":{"line":42,"column":9}}]},"2":{"loc":{"start":{"line":48,"column":4},"end":{"line":51,"column":5}},"type":"if","locations":[{"start":{"line":48,"column":4},"end":{"line":51,"column":5}}]},"3":{"loc":{"start":{"line":48,"column":8},"end":{"line":48,"column":52}},"type":"binary-expr","locations":[{"start":{"line":48,"column":8},"end":{"line":48,"column":21}},{"start":{"line":48,"column":25},"end":{"line":48,"column":52}}]}},"s":{"0":17,"1":17,"2":17,"3":17,"4":53,"5":4,"6":49,"7":17,"8":158,"9":158,"10":17,"11":1,"12":1,"13":1,"14":17},"f":{"0":53,"1":158,"2":1},"b":{"0":[4],"1":[158],"2":[1],"3":[1,1]}}
,"C:\\Users\\erayz\\Dropbox\\Semester 3\\Web II\\we2.blatt07\\src\\model\\ProtokollModel.ts": {"path":"C:\\Users\\erayz\\Dropbox\\Semester 3\\Web II\\we2.blatt07\\src\\model\\ProtokollModel.ts","statementMap":{"0":{"start":{"line":1,"column":0},"end":{"line":1,"column":45}},"1":{"start":{"line":12,"column":24},"end":{"line":18,"column":23}},"2":{"start":{"line":20,"column":13},"end":{"line":20,"column":63}}},"fnMap":{},"branchMap":{},"s":{"0":16,"1":16,"2":16},"f":{},"b":{}}
,"C:\\Users\\erayz\\Dropbox\\Semester 3\\Web II\\we2.blatt07\\src\\routes\\authentication.ts": {"path":"C:\\Users\\erayz\\Dropbox\\Semester 3\\Web II\\we2.blatt07\\src\\routes\\authentication.ts","statementMap":{"0":{"start":{"line":2,"column":0},"end":{"line":2,"column":51}},"1":{"start":{"line":20,"column":4},"end":{"line":20,"column":30}},"2":{"start":{"line":22,"column":4},"end":{"line":46,"column":9}},"3":{"start":{"line":24,"column":27},"end":{"line":24,"column":45}},"4":{"start":{"line":25,"column":26},"end":{"line":25,"column":77}},"5":{"start":{"line":27,"column":8},"end":{"line":29,"column":9}},"6":{"start":{"line":28,"column":12},"end":{"line":28,"column":32}},"7":{"start":{"line":31,"column":24},"end":{"line":31,"column":47}},"8":{"start":{"line":35,"column":8},"end":{"line":35,"column":35}},"9":{"start":{"line":36,"column":8},"end":{"line":36,"column":32}},"10":{"start":{"line":39,"column":8},"end":{"line":39,"column":15}},"11":{"start":{"line":43,"column":8},"end":{"line":43,"column":24}},"12":{"start":{"line":44,"column":8},"end":{"line":44,"column":18}},"13":{"start":{"line":19,"column":0},"end":{"line":19,"column":16}},"14":{"start":{"line":50,"column":3},"end":{"line":50,"column":29}},"15":{"start":{"line":53,"column":23},"end":{"line":53,"column":41}},"16":{"start":{"line":54,"column":22},"end":{"line":54,"column":73}},"17":{"start":{"line":56,"column":8},"end":{"line":73,"column":9}},"18":{"start":{"line":57,"column":12},"end":{"line":72,"column":13}},"19":{"start":{"line":58,"column":32},"end":{"line":58,"column":55}},"20":{"start":{"line":60,"column":16},"end":{"line":62,"column":17}},"21":{"start":{"line":61,"column":20},"end":{"line":61,"column":40}},"22":{"start":{"line":63,"column":16},"end":{"line":66,"column":17}},"23":{"start":{"line":64,"column":20},"end":{"line":64,"column":47}},"24":{"start":{"line":65,"column":20},"end":{"line":65,"column":44}},"25":{"start":{"line":68,"column":16},"end":{"line":68,"column":23}},"26":{"start":{"line":70,"column":17},"end":{"line":70,"column":33}},"27":{"start":{"line":71,"column":17},"end":{"line":71,"column":24}},"28":{"start":{"line":49,"column":0},"end":{"line":49,"column":16}}},"fnMap":{"0":{"name":"requiresAuthentication","decl":{"start":{"line":19,"column":16},"end":{"line":19,"column":38}},"loc":{"start":{"line":19,"column":86},"end":{"line":47,"column":1}}},"1":{"name":"optionalAuthentication","decl":{"start":{"line":49,"column":16},"end":{"line":49,"column":38}},"loc":{"start":{"line":49,"column":86},"end":{"line":74,"column":1}}}},"branchMap":{"0":{"loc":{"start":{"line":25,"column":26},"end":{"line":25,"column":77}},"type":"binary-expr","locations":[{"start":{"line":25,"column":26},"end":{"line":25,"column":37}},{"start":{"line":25,"column":41},"end":{"line":25,"column":77}}]},"1":{"loc":{"start":{"line":27,"column":8},"end":{"line":29,"column":9}},"type":"if","locations":[{"start":{"line":27,"column":8},"end":{"line":29,"column":9}}]},"2":{"loc":{"start":{"line":54,"column":22},"end":{"line":54,"column":73}},"type":"binary-expr","locations":[{"start":{"line":54,"column":22},"end":{"line":54,"column":33}},{"start":{"line":54,"column":37},"end":{"line":54,"column":73}}]},"3":{"loc":{"start":{"line":56,"column":8},"end":{"line":73,"column":9}},"type":"if","locations":[{"start":{"line":56,"column":8},"end":{"line":73,"column":9}}]},"4":{"loc":{"start":{"line":60,"column":16},"end":{"line":62,"column":17}},"type":"if","locations":[{"start":{"line":60,"column":16},"end":{"line":62,"column":17}}]},"5":{"loc":{"start":{"line":63,"column":16},"end":{"line":66,"column":17}},"type":"if","locations":[{"start":{"line":63,"column":16},"end":{"line":66,"column":17}}]}},"s":{"0":9,"1":48,"2":48,"3":48,"4":48,"5":48,"6":3,"7":48,"8":45,"9":45,"10":45,"11":3,"12":3,"13":9,"14":15,"15":15,"16":15,"17":15,"18":15,"19":15,"20":14,"21":0,"22":14,"23":14,"24":14,"25":14,"26":1,"27":1,"28":9},"f":{"0":48,"1":15},"b":{"0":[48,45],"1":[3],"2":[15,15],"3":[15],"4":[0],"5":[14]}}
,"C:\\Users\\erayz\\Dropbox\\Semester 3\\Web II\\we2.blatt07\\src\\routes\\eintrag.ts": {"path":"C:\\Users\\erayz\\Dropbox\\Semester 3\\Web II\\we2.blatt07\\src\\routes\\eintrag.ts","statementMap":{"0":{"start":{"line":1,"column":0},"end":{"line":1,"column":30}},"1":{"start":{"line":2,"column":0},"end":{"line":2,"column":54}},"2":{"start":{"line":4,"column":0},"end":{"line":4,"column":79}},"3":{"start":{"line":5,"column":0},"end":{"line":5,"column":82}},"4":{"start":{"line":6,"column":0},"end":{"line":6,"column":59}},"5":{"start":{"line":8,"column":13},"end":{"line":8,"column":46}},"6":{"start":{"line":10,"column":0},"end":{"line":42,"column":null}},"7":{"start":{"line":18,"column":56},"end":{"line":42,"column":2}},"8":{"start":{"line":19,"column":19},"end":{"line":19,"column":40}},"9":{"start":{"line":21,"column":4},"end":{"line":24,"column":5}},"10":{"start":{"line":22,"column":8},"end":{"line":23,"column":40}},"11":{"start":{"line":26,"column":4},"end":{"line":40,"column":5}},"12":{"start":{"line":27,"column":28},"end":{"line":27,"column":63}},"13":{"start":{"line":28,"column":26},"end":{"line":28,"column":67}},"14":{"start":{"line":30,"column":8},"end":{"line":33,"column":9}},"15":{"start":{"line":31,"column":12},"end":{"line":31,"column":32}},"16":{"start":{"line":32,"column":12},"end":{"line":32,"column":19}},"17":{"start":{"line":35,"column":38},"end":{"line":35,"column":78}},"18":{"start":{"line":36,"column":8},"end":{"line":36,"column":52}},"19":{"start":{"line":38,"column":8},"end":{"line":38,"column":24}},"20":{"start":{"line":39,"column":8},"end":{"line":39,"column":20}},"21":{"start":{"line":44,"column":0},"end":{"line":76,"column":null}},"22":{"start":{"line":46,"column":49},"end":{"line":76,"column":2}},"23":{"start":{"line":48,"column":19},"end":{"line":48,"column":40}},"24":{"start":{"line":50,"column":4},"end":{"line":53,"column":5}},"25":{"start":{"line":51,"column":8},"end":{"line":52,"column":40}},"26":{"start":{"line":55,"column":12},"end":{"line":55,"column":26}},"27":{"start":{"line":57,"column":4},"end":{"line":74,"column":5}},"28":{"start":{"line":58,"column":24},"end":{"line":58,"column":52}},"29":{"start":{"line":59,"column":20},"end":{"line":59,"column":57}},"30":{"start":{"line":62,"column":8},"end":{"line":69,"column":9}},"31":{"start":{"line":63,"column":9},"end":{"line":63,"column":39}},"32":{"start":{"line":64,"column":15},"end":{"line":69,"column":9}},"33":{"start":{"line":65,"column":12},"end":{"line":65,"column":42}},"34":{"start":{"line":67,"column":12},"end":{"line":67,"column":32}},"35":{"start":{"line":68,"column":12},"end":{"line":68,"column":19}},"36":{"start":{"line":72,"column":8},"end":{"line":72,"column":24}},"37":{"start":{"line":73,"column":8},"end":{"line":73,"column":20}},"38":{"start":{"line":78,"column":0},"end":{"line":136,"column":null}},"39":{"start":{"line":88,"column":55},"end":{"line":136,"column":2}},"40":{"start":{"line":90,"column":19},"end":{"line":90,"column":40}},"41":{"start":{"line":92,"column":4},"end":{"line":95,"column":5}},"42":{"start":{"line":93,"column":8},"end":{"line":94,"column":40}},"43":{"start":{"line":98,"column":12},"end":{"line":98,"column":26}},"44":{"start":{"line":100,"column":4},"end":{"line":134,"column":5}},"45":{"start":{"line":102,"column":28},"end":{"line":102,"column":63}},"46":{"start":{"line":104,"column":8},"end":{"line":119,"column":9}},"47":{"start":{"line":105,"column":12},"end":{"line":118,"column":15}},"48":{"start":{"line":120,"column":18},"end":{"line":120,"column":46}},"49":{"start":{"line":121,"column":18},"end":{"line":121,"column":52}},"50":{"start":{"line":122,"column":8},"end":{"line":129,"column":9}},"51":{"start":{"line":123,"column":20},"end":{"line":123,"column":60}},"52":{"start":{"line":124,"column":8},"end":{"line":124,"column":34}},"53":{"start":{"line":127,"column":12},"end":{"line":127,"column":32}},"54":{"start":{"line":128,"column":12},"end":{"line":128,"column":19}},"55":{"start":{"line":132,"column":8},"end":{"line":132,"column":24}},"56":{"start":{"line":133,"column":8},"end":{"line":133,"column":20}},"57":{"start":{"line":138,"column":0},"end":{"line":171,"column":null}},"58":{"start":{"line":140,"column":50},"end":{"line":171,"column":2}},"59":{"start":{"line":142,"column":19},"end":{"line":142,"column":40}},"60":{"start":{"line":144,"column":4},"end":{"line":147,"column":5}},"61":{"start":{"line":145,"column":8},"end":{"line":146,"column":40}},"62":{"start":{"line":150,"column":12},"end":{"line":150,"column":26}},"63":{"start":{"line":153,"column":4},"end":{"line":168,"column":6}},"64":{"start":{"line":154,"column":18},"end":{"line":154,"column":46}},"65":{"start":{"line":155,"column":18},"end":{"line":155,"column":52}},"66":{"start":{"line":157,"column":8},"end":{"line":163,"column":5}},"67":{"start":{"line":158,"column":8},"end":{"line":158,"column":40}},"68":{"start":{"line":159,"column":8},"end":{"line":159,"column":null}},"69":{"start":{"line":161,"column":12},"end":{"line":161,"column":32}},"70":{"start":{"line":162,"column":12},"end":{"line":162,"column":19}},"71":{"start":{"line":166,"column":8},"end":{"line":166,"column":24}},"72":{"start":{"line":167,"column":8},"end":{"line":167,"column":20}}},"fnMap":{"0":{"name":"(anonymous_14)","decl":{"start":{"line":18,"column":31},"end":{"line":18,"column":38}},"loc":{"start":{"line":18,"column":56},"end":{"line":42,"column":2}}},"1":{"name":"(anonymous_15)","decl":{"start":{"line":18,"column":56},"end":{"line":18,"column":null}},"loc":{"start":{"line":18,"column":56},"end":{"line":42,"column":1}}},"2":{"name":"(anonymous_16)","decl":{"start":{"line":46,"column":25},"end":{"line":46,"column":31}},"loc":{"start":{"line":46,"column":49},"end":{"line":76,"column":2}}},"3":{"name":"(anonymous_17)","decl":{"start":{"line":46,"column":49},"end":{"line":46,"column":null}},"loc":{"start":{"line":46,"column":49},"end":{"line":76,"column":1}}},"4":{"name":"(anonymous_18)","decl":{"start":{"line":88,"column":31},"end":{"line":88,"column":37}},"loc":{"start":{"line":88,"column":55},"end":{"line":136,"column":2}}},"5":{"name":"(anonymous_19)","decl":{"start":{"line":88,"column":55},"end":{"line":88,"column":null}},"loc":{"start":{"line":88,"column":55},"end":{"line":136,"column":1}}},"6":{"name":"(anonymous_20)","decl":{"start":{"line":140,"column":25},"end":{"line":140,"column":32}},"loc":{"start":{"line":140,"column":50},"end":{"line":171,"column":2}}},"7":{"name":"(anonymous_21)","decl":{"start":{"line":140,"column":50},"end":{"line":140,"column":null}},"loc":{"start":{"line":140,"column":50},"end":{"line":171,"column":1}}}},"branchMap":{"0":{"loc":{"start":{"line":21,"column":4},"end":{"line":24,"column":5}},"type":"if","locations":[{"start":{"line":21,"column":4},"end":{"line":24,"column":5}}]},"1":{"loc":{"start":{"line":30,"column":8},"end":{"line":33,"column":9}},"type":"if","locations":[{"start":{"line":30,"column":8},"end":{"line":33,"column":9}}]},"2":{"loc":{"start":{"line":30,"column":11},"end":{"line":30,"column":80}},"type":"binary-expr","locations":[{"start":{"line":30,"column":12},"end":{"line":30,"column":49}},{"start":{"line":30,"column":54},"end":{"line":30,"column":80}}]},"3":{"loc":{"start":{"line":50,"column":4},"end":{"line":53,"column":5}},"type":"if","locations":[{"start":{"line":50,"column":4},"end":{"line":53,"column":5}}]},"4":{"loc":{"start":{"line":62,"column":8},"end":{"line":69,"column":9}},"type":"if","locations":[{"start":{"line":62,"column":8},"end":{"line":69,"column":9}},{"start":{"line":64,"column":15},"end":{"line":69,"column":9}}]},"5":{"loc":{"start":{"line":64,"column":15},"end":{"line":69,"column":9}},"type":"if","locations":[{"start":{"line":64,"column":15},"end":{"line":69,"column":9}},{"start":{"line":66,"column":15},"end":{"line":69,"column":9}}]},"6":{"loc":{"start":{"line":64,"column":18},"end":{"line":64,"column":105}},"type":"binary-expr","locations":[{"start":{"line":64,"column":18},"end":{"line":64,"column":29}},{"start":{"line":64,"column":34},"end":{"line":64,"column":69}},{"start":{"line":64,"column":73},"end":{"line":64,"column":104}}]},"7":{"loc":{"start":{"line":92,"column":4},"end":{"line":95,"column":5}},"type":"if","locations":[{"start":{"line":92,"column":4},"end":{"line":95,"column":5}}]},"8":{"loc":{"start":{"line":104,"column":8},"end":{"line":119,"column":9}},"type":"if","locations":[{"start":{"line":104,"column":8},"end":{"line":119,"column":9}}]},"9":{"loc":{"start":{"line":122,"column":8},"end":{"line":129,"column":9}},"type":"if","locations":[{"start":{"line":122,"column":8},"end":{"line":129,"column":9}},{"start":{"line":126,"column":15},"end":{"line":129,"column":9}}]},"10":{"loc":{"start":{"line":122,"column":11},"end":{"line":122,"column":77}},"type":"binary-expr","locations":[{"start":{"line":122,"column":11},"end":{"line":122,"column":42}},{"start":{"line":122,"column":46},"end":{"line":122,"column":77}}]},"11":{"loc":{"start":{"line":144,"column":4},"end":{"line":147,"column":5}},"type":"if","locations":[{"start":{"line":144,"column":4},"end":{"line":147,"column":5}}]},"12":{"loc":{"start":{"line":157,"column":8},"end":{"line":163,"column":5}},"type":"if","locations":[{"start":{"line":157,"column":8},"end":{"line":163,"column":5}},{"start":{"line":160,"column":14},"end":{"line":163,"column":5}}]},"13":{"loc":{"start":{"line":157,"column":11},"end":{"line":157,"column":77}},"type":"binary-expr","locations":[{"start":{"line":157,"column":11},"end":{"line":157,"column":42}},{"start":{"line":157,"column":46},"end":{"line":157,"column":77}}]}},"s":{"0":9,"1":9,"2":9,"3":9,"4":9,"5":9,"6":9,"7":4,"8":4,"9":4,"10":1,"11":3,"12":3,"13":3,"14":3,"15":2,"16":2,"17":3,"18":2,"19":2,"20":2,"21":9,"22":5,"23":5,"24":5,"25":1,"26":4,"27":4,"28":4,"29":3,"30":3,"31":1,"32":2,"33":1,"34":1,"35":1,"36":1,"37":1,"38":9,"39":5,"40":5,"41":5,"42":1,"43":4,"44":4,"45":4,"46":4,"47":1,"48":3,"49":2,"50":2,"51":1,"52":1,"53":1,"54":1,"55":1,"56":1,"57":9,"58":6,"59":6,"60":6,"61":1,"62":5,"63":5,"64":5,"65":4,"66":4,"67":3,"68":3,"69":1,"70":1,"71":1,"72":1},"f":{"0":4,"1":4,"2":5,"3":5,"4":5,"5":5,"6":6,"7":6},"b":{"0":[1],"1":[2],"2":[3,2],"3":[1],"4":[1,2],"5":[1,1],"6":[2,2,1],"7":[1],"8":[1],"9":[1,1],"10":[2,1],"11":[1],"12":[3,1],"13":[4,2]}}
,"C:\\Users\\erayz\\Dropbox\\Semester 3\\Web II\\we2.blatt07\\src\\routes\\login.ts": {"path":"C:\\Users\\erayz\\Dropbox\\Semester 3\\Web II\\we2.blatt07\\src\\routes\\login.ts","statementMap":{"0":{"start":{"line":1,"column":0},"end":{"line":1,"column":30}},"1":{"start":{"line":2,"column":0},"end":{"line":2,"column":78}},"2":{"start":{"line":3,"column":0},"end":{"line":3,"column":79}},"3":{"start":{"line":6,"column":13},"end":{"line":6,"column":null}},"4":{"start":{"line":8,"column":0},"end":{"line":37,"column":null}},"5":{"start":{"line":10,"column":100},"end":{"line":37,"column":2}},"6":{"start":{"line":13,"column":19},"end":{"line":13,"column":40}},"7":{"start":{"line":15,"column":4},"end":{"line":18,"column":5}},"8":{"start":{"line":16,"column":8},"end":{"line":17,"column":40}},"9":{"start":{"line":21,"column":4},"end":{"line":35,"column":5}},"10":{"start":{"line":22,"column":26},"end":{"line":22,"column":42}},"11":{"start":{"line":23,"column":31},"end":{"line":23,"column":99}},"12":{"start":{"line":25,"column":7},"end":{"line":28,"column":37}},"13":{"start":{"line":30,"column":8},"end":{"line":30,"column":45}},"14":{"start":{"line":33,"column":8},"end":{"line":33,"column":24}},"15":{"start":{"line":34,"column":8},"end":{"line":34,"column":20}},"16":{"start":{"line":39,"column":0},"end":{"line":56,"column":null}},"17":{"start":{"line":39,"column":47},"end":{"line":56,"column":2}},"18":{"start":{"line":41,"column":22},"end":{"line":41,"column":46}},"19":{"start":{"line":43,"column":4},"end":{"line":55,"column":5}},"20":{"start":{"line":44,"column":26},"end":{"line":44,"column":46}},"21":{"start":{"line":45,"column":8},"end":{"line":45,"column":40}},"22":{"start":{"line":47,"column":8},"end":{"line":47,"column":36}},"23":{"start":{"line":48,"column":8},"end":{"line":53,"column":11}},"24":{"start":{"line":54,"column":8},"end":{"line":54,"column":20}},"25":{"start":{"line":59,"column":0},"end":{"line":69,"column":null}},"26":{"start":{"line":59,"column":49},"end":{"line":69,"column":2}},"27":{"start":{"line":61,"column":4},"end":{"line":66,"column":7}},"28":{"start":{"line":67,"column":4},"end":{"line":67,"column":24}},"29":{"start":{"line":68,"column":4},"end":{"line":68,"column":11}}},"fnMap":{"0":{"name":"(anonymous_8)","decl":{"start":{"line":10,"column":74},"end":{"line":10,"column":82}},"loc":{"start":{"line":10,"column":100},"end":{"line":37,"column":2}}},"1":{"name":"(anonymous_9)","decl":{"start":{"line":10,"column":100},"end":{"line":10,"column":null}},"loc":{"start":{"line":10,"column":100},"end":{"line":37,"column":1}}},"2":{"name":"(anonymous_10)","decl":{"start":{"line":39,"column":21},"end":{"line":39,"column":29}},"loc":{"start":{"line":39,"column":47},"end":{"line":56,"column":2}}},"3":{"name":"(anonymous_11)","decl":{"start":{"line":39,"column":47},"end":{"line":39,"column":null}},"loc":{"start":{"line":39,"column":47},"end":{"line":56,"column":1}}},"4":{"name":"(anonymous_12)","decl":{"start":{"line":59,"column":24},"end":{"line":59,"column":31}},"loc":{"start":{"line":59,"column":49},"end":{"line":69,"column":2}}},"5":{"name":"(anonymous_13)","decl":{"start":{"line":59,"column":49},"end":{"line":59,"column":null}},"loc":{"start":{"line":59,"column":49},"end":{"line":69,"column":1}}}},"branchMap":{"0":{"loc":{"start":{"line":15,"column":4},"end":{"line":18,"column":5}},"type":"if","locations":[{"start":{"line":15,"column":4},"end":{"line":18,"column":5}}]}},"s":{"0":9,"1":9,"2":9,"3":9,"4":9,"5":44,"6":44,"7":44,"8":1,"9":43,"10":43,"11":43,"12":42,"13":42,"14":1,"15":1,"16":9,"17":2,"18":2,"19":2,"20":2,"21":1,"22":1,"23":1,"24":0,"25":9,"26":1,"27":1,"28":1,"29":1},"f":{"0":44,"1":44,"2":2,"3":2,"4":1,"5":1},"b":{"0":[1]}}
,"C:\\Users\\erayz\\Dropbox\\Semester 3\\Web II\\we2.blatt07\\src\\routes\\pfleger.ts": {"path":"C:\\Users\\erayz\\Dropbox\\Semester 3\\Web II\\we2.blatt07\\src\\routes\\pfleger.ts","statementMap":{"0":{"start":{"line":1,"column":0},"end":{"line":1,"column":30}},"1":{"start":{"line":2,"column":0},"end":{"line":2,"column":48}},"2":{"start":{"line":4,"column":0},"end":{"line":4,"column":79}},"3":{"start":{"line":5,"column":0},"end":{"line":5,"column":82}},"4":{"start":{"line":8,"column":13},"end":{"line":8,"column":46}},"5":{"start":{"line":10,"column":0},"end":{"line":23,"column":null}},"6":{"start":{"line":12,"column":25},"end":{"line":23,"column":2}},"7":{"start":{"line":13,"column":4},"end":{"line":15,"column":5}},"8":{"start":{"line":14,"column":8},"end":{"line":14,"column":52}},"9":{"start":{"line":16,"column":4},"end":{"line":22,"column":5}},"10":{"start":{"line":17,"column":28},"end":{"line":17,"column":52}},"11":{"start":{"line":18,"column":8},"end":{"line":18,"column":30}},"12":{"start":{"line":20,"column":8},"end":{"line":20,"column":24}},"13":{"start":{"line":21,"column":8},"end":{"line":21,"column":20}},"14":{"start":{"line":25,"column":0},"end":{"line":48,"column":null}},"15":{"start":{"line":29,"column":99},"end":{"line":48,"column":2}},"16":{"start":{"line":30,"column":19},"end":{"line":30,"column":40}},"17":{"start":{"line":32,"column":4},"end":{"line":35,"column":5}},"18":{"start":{"line":33,"column":8},"end":{"line":34,"column":40}},"19":{"start":{"line":37,"column":4},"end":{"line":47,"column":5}},"20":{"start":{"line":38,"column":28},"end":{"line":38,"column":63}},"21":{"start":{"line":39,"column":8},"end":{"line":41,"column":9}},"22":{"start":{"line":40,"column":12},"end":{"line":40,"column":56}},"23":{"start":{"line":42,"column":38},"end":{"line":42,"column":72}},"24":{"start":{"line":43,"column":8},"end":{"line":43,"column":52}},"25":{"start":{"line":45,"column":8},"end":{"line":45,"column":24}},"26":{"start":{"line":46,"column":8},"end":{"line":46,"column":18}},"27":{"start":{"line":50,"column":0},"end":{"line":101,"column":null}},"28":{"start":{"line":56,"column":110},"end":{"line":101,"column":2}},"29":{"start":{"line":58,"column":19},"end":{"line":58,"column":40}},"30":{"start":{"line":60,"column":4},"end":{"line":63,"column":5}},"31":{"start":{"line":61,"column":8},"end":{"line":62,"column":40}},"32":{"start":{"line":65,"column":15},"end":{"line":65,"column":29}},"33":{"start":{"line":67,"column":4},"end":{"line":82,"column":5}},"34":{"start":{"line":68,"column":8},"end":{"line":81,"column":11}},"35":{"start":{"line":85,"column":4},"end":{"line":100,"column":5}},"36":{"start":{"line":86,"column":28},"end":{"line":86,"column":63}},"37":{"start":{"line":87,"column":8},"end":{"line":89,"column":9}},"38":{"start":{"line":88,"column":13},"end":{"line":88,"column":54}},"39":{"start":{"line":95,"column":30},"end":{"line":95,"column":64}},"40":{"start":{"line":96,"column":8},"end":{"line":96,"column":44}},"41":{"start":{"line":98,"column":8},"end":{"line":98,"column":24}},"42":{"start":{"line":99,"column":8},"end":{"line":99,"column":18}},"43":{"start":{"line":103,"column":0},"end":{"line":130,"column":null}},"44":{"start":{"line":105,"column":50},"end":{"line":130,"column":2}},"45":{"start":{"line":106,"column":15},"end":{"line":106,"column":29}},"46":{"start":{"line":107,"column":19},"end":{"line":107,"column":40}},"47":{"start":{"line":109,"column":4},"end":{"line":112,"column":5}},"48":{"start":{"line":110,"column":8},"end":{"line":111,"column":40}},"49":{"start":{"line":114,"column":4},"end":{"line":116,"column":5}},"50":{"start":{"line":115,"column":7},"end":{"line":115,"column":51}},"51":{"start":{"line":118,"column":4},"end":{"line":120,"column":5}},"52":{"start":{"line":119,"column":7},"end":{"line":119,"column":null}},"53":{"start":{"line":122,"column":4},"end":{"line":128,"column":5}},"54":{"start":{"line":123,"column":8},"end":{"line":123,"column":34}},"55":{"start":{"line":124,"column":8},"end":{"line":124,"column":31}},"56":{"start":{"line":126,"column":8},"end":{"line":126,"column":24}},"57":{"start":{"line":127,"column":8},"end":{"line":127,"column":20}}},"fnMap":{"0":{"name":"(anonymous_14)","decl":{"start":{"line":12,"column":0},"end":{"line":12,"column":7}},"loc":{"start":{"line":12,"column":25},"end":{"line":23,"column":2}}},"1":{"name":"(anonymous_15)","decl":{"start":{"line":12,"column":25},"end":{"line":12,"column":null}},"loc":{"start":{"line":12,"column":25},"end":{"line":23,"column":1}}},"2":{"name":"(anonymous_16)","decl":{"start":{"line":29,"column":74},"end":{"line":29,"column":81}},"loc":{"start":{"line":29,"column":99},"end":{"line":48,"column":2}}},"3":{"name":"(anonymous_17)","decl":{"start":{"line":29,"column":99},"end":{"line":29,"column":null}},"loc":{"start":{"line":29,"column":99},"end":{"line":48,"column":1}}},"4":{"name":"(anonymous_18)","decl":{"start":{"line":56,"column":85},"end":{"line":56,"column":92}},"loc":{"start":{"line":56,"column":110},"end":{"line":101,"column":2}}},"5":{"name":"(anonymous_19)","decl":{"start":{"line":56,"column":110},"end":{"line":56,"column":null}},"loc":{"start":{"line":56,"column":110},"end":{"line":101,"column":1}}},"6":{"name":"(anonymous_20)","decl":{"start":{"line":105,"column":25},"end":{"line":105,"column":32}},"loc":{"start":{"line":105,"column":50},"end":{"line":130,"column":2}}},"7":{"name":"(anonymous_21)","decl":{"start":{"line":105,"column":50},"end":{"line":105,"column":null}},"loc":{"start":{"line":105,"column":50},"end":{"line":130,"column":1}}}},"branchMap":{"0":{"loc":{"start":{"line":13,"column":4},"end":{"line":15,"column":5}},"type":"if","locations":[{"start":{"line":13,"column":4},"end":{"line":15,"column":5}}]},"1":{"loc":{"start":{"line":32,"column":4},"end":{"line":35,"column":5}},"type":"if","locations":[{"start":{"line":32,"column":4},"end":{"line":35,"column":5}}]},"2":{"loc":{"start":{"line":39,"column":8},"end":{"line":41,"column":9}},"type":"if","locations":[{"start":{"line":39,"column":8},"end":{"line":41,"column":9}}]},"3":{"loc":{"start":{"line":60,"column":4},"end":{"line":63,"column":5}},"type":"if","locations":[{"start":{"line":60,"column":4},"end":{"line":63,"column":5}}]},"4":{"loc":{"start":{"line":67,"column":4},"end":{"line":82,"column":5}},"type":"if","locations":[{"start":{"line":67,"column":4},"end":{"line":82,"column":5}}]},"5":{"loc":{"start":{"line":87,"column":8},"end":{"line":89,"column":9}},"type":"if","locations":[{"start":{"line":87,"column":8},"end":{"line":89,"column":9}}]},"6":{"loc":{"start":{"line":109,"column":4},"end":{"line":112,"column":5}},"type":"if","locations":[{"start":{"line":109,"column":4},"end":{"line":112,"column":5}}]},"7":{"loc":{"start":{"line":114,"column":4},"end":{"line":116,"column":5}},"type":"if","locations":[{"start":{"line":114,"column":4},"end":{"line":116,"column":5}}]},"8":{"loc":{"start":{"line":118,"column":4},"end":{"line":120,"column":5}},"type":"if","locations":[{"start":{"line":118,"column":4},"end":{"line":120,"column":5}}]}},"s":{"0":9,"1":9,"2":9,"3":9,"4":9,"5":9,"6":2,"7":2,"8":1,"9":1,"10":1,"11":1,"12":0,"13":0,"14":9,"15":4,"16":4,"17":4,"18":1,"19":3,"20":3,"21":3,"22":1,"23":2,"24":1,"25":1,"26":1,"27":9,"28":5,"29":5,"30":5,"31":1,"32":4,"33":4,"34":1,"35":3,"36":3,"37":3,"38":1,"39":2,"40":1,"41":2,"42":2,"43":9,"44":5,"45":5,"46":5,"47":5,"48":1,"49":4,"50":1,"51":3,"52":1,"53":2,"54":2,"55":1,"56":1,"57":1},"f":{"0":2,"1":2,"2":4,"3":4,"4":5,"5":5,"6":5,"7":5},"b":{"0":[1],"1":[1],"2":[1],"3":[1],"4":[1],"5":[1],"6":[1],"7":[1],"8":[1]}}
,"C:\\Users\\erayz\\Dropbox\\Semester 3\\Web II\\we2.blatt07\\src\\routes\\protokoll.ts": {"path":"C:\\Users\\erayz\\Dropbox\\Semester 3\\Web II\\we2.blatt07\\src\\routes\\protokoll.ts","statementMap":{"0":{"start":{"line":1,"column":0},"end":{"line":1,"column":30}},"1":{"start":{"line":2,"column":0},"end":{"line":2,"column":62}},"2":{"start":{"line":3,"column":0},"end":{"line":3,"column":51}},"3":{"start":{"line":5,"column":0},"end":{"line":5,"column":79}},"4":{"start":{"line":6,"column":0},"end":{"line":6,"column":82}},"5":{"start":{"line":8,"column":13},"end":{"line":8,"column":48}},"6":{"start":{"line":10,"column":0},"end":{"line":28,"column":null}},"7":{"start":{"line":12,"column":51},"end":{"line":28,"column":2}},"8":{"start":{"line":13,"column":23},"end":{"line":13,"column":44}},"9":{"start":{"line":15,"column":8},"end":{"line":18,"column":9}},"10":{"start":{"line":16,"column":12},"end":{"line":17,"column":44}},"11":{"start":{"line":20,"column":15},"end":{"line":20,"column":29}},"12":{"start":{"line":21,"column":4},"end":{"line":27,"column":5}},"13":{"start":{"line":22,"column":26},"end":{"line":22,"column":52}},"14":{"start":{"line":23,"column":8},"end":{"line":23,"column":28}},"15":{"start":{"line":25,"column":8},"end":{"line":25,"column":24}},"16":{"start":{"line":26,"column":8},"end":{"line":26,"column":18}},"17":{"start":{"line":30,"column":0},"end":{"line":59,"column":null}},"18":{"start":{"line":39,"column":69},"end":{"line":59,"column":2}},"19":{"start":{"line":41,"column":19},"end":{"line":41,"column":40}},"20":{"start":{"line":43,"column":4},"end":{"line":46,"column":5}},"21":{"start":{"line":44,"column":8},"end":{"line":45,"column":40}},"22":{"start":{"line":48,"column":4},"end":{"line":58,"column":5}},"23":{"start":{"line":49,"column":30},"end":{"line":49,"column":67}},"24":{"start":{"line":50,"column":8},"end":{"line":52,"column":9}},"25":{"start":{"line":51,"column":12},"end":{"line":51,"column":66}},"26":{"start":{"line":53,"column":33},"end":{"line":53,"column":73}},"27":{"start":{"line":54,"column":8},"end":{"line":54,"column":47}},"28":{"start":{"line":56,"column":8},"end":{"line":56,"column":24}},"29":{"start":{"line":57,"column":8},"end":{"line":57,"column":20}},"30":{"start":{"line":61,"column":0},"end":{"line":70,"column":null}},"31":{"start":{"line":61,"column":54},"end":{"line":70,"column":2}},"32":{"start":{"line":63,"column":3},"end":{"line":69,"column":5}},"33":{"start":{"line":64,"column":19},"end":{"line":64,"column":48}},"34":{"start":{"line":65,"column":4},"end":{"line":65,"column":null}},"35":{"start":{"line":67,"column":8},"end":{"line":67,"column":22}},"36":{"start":{"line":68,"column":8},"end":{"line":68,"column":20}},"37":{"start":{"line":72,"column":0},"end":{"line":101,"column":null}},"38":{"start":{"line":74,"column":50},"end":{"line":101,"column":2}},"39":{"start":{"line":76,"column":19},"end":{"line":76,"column":40}},"40":{"start":{"line":78,"column":4},"end":{"line":81,"column":5}},"41":{"start":{"line":79,"column":8},"end":{"line":80,"column":40}},"42":{"start":{"line":83,"column":3},"end":{"line":100,"column":4}},"43":{"start":{"line":84,"column":31},"end":{"line":84,"column":69}},"44":{"start":{"line":86,"column":9},"end":{"line":88,"column":12}},"45":{"start":{"line":87,"column":12},"end":{"line":87,"column":49}},"46":{"start":{"line":91,"column":8},"end":{"line":96,"column":9}},"47":{"start":{"line":92,"column":12},"end":{"line":92,"column":49}},"48":{"start":{"line":94,"column":12},"end":{"line":94,"column":32}},"49":{"start":{"line":95,"column":12},"end":{"line":95,"column":19}},"50":{"start":{"line":98,"column":8},"end":{"line":98,"column":24}},"51":{"start":{"line":99,"column":8},"end":{"line":99,"column":null}},"52":{"start":{"line":103,"column":0},"end":{"line":154,"column":null}},"53":{"start":{"line":114,"column":69},"end":{"line":154,"column":2}},"54":{"start":{"line":116,"column":19},"end":{"line":116,"column":40}},"55":{"start":{"line":118,"column":4},"end":{"line":121,"column":5}},"56":{"start":{"line":119,"column":8},"end":{"line":120,"column":40}},"57":{"start":{"line":123,"column":15},"end":{"line":123,"column":29}},"58":{"start":{"line":124,"column":4},"end":{"line":153,"column":5}},"59":{"start":{"line":125,"column":30},"end":{"line":125,"column":67}},"60":{"start":{"line":127,"column":8},"end":{"line":142,"column":9}},"61":{"start":{"line":128,"column":12},"end":{"line":141,"column":15}},"62":{"start":{"line":143,"column":8},"end":{"line":146,"column":9}},"63":{"start":{"line":144,"column":12},"end":{"line":144,"column":32}},"64":{"start":{"line":145,"column":12},"end":{"line":145,"column":19}},"65":{"start":{"line":148,"column":21},"end":{"line":148,"column":61}},"66":{"start":{"line":149,"column":8},"end":{"line":149,"column":35}},"67":{"start":{"line":151,"column":8},"end":{"line":151,"column":24}},"68":{"start":{"line":152,"column":8},"end":{"line":152,"column":20}},"69":{"start":{"line":156,"column":0},"end":{"line":179,"column":null}},"70":{"start":{"line":158,"column":50},"end":{"line":179,"column":2}},"71":{"start":{"line":159,"column":19},"end":{"line":159,"column":40}},"72":{"start":{"line":161,"column":4},"end":{"line":164,"column":5}},"73":{"start":{"line":162,"column":8},"end":{"line":163,"column":40}},"74":{"start":{"line":166,"column":3},"end":{"line":178,"column":4}},"75":{"start":{"line":167,"column":17},"end":{"line":167,"column":55}},"76":{"start":{"line":169,"column":4},"end":{"line":172,"column":5}},"77":{"start":{"line":170,"column":8},"end":{"line":170,"column":null}},"78":{"start":{"line":171,"column":8},"end":{"line":171,"column":null}},"79":{"start":{"line":173,"column":4},"end":{"line":173,"column":46}},"80":{"start":{"line":174,"column":4},"end":{"line":174,"column":null}},"81":{"start":{"line":176,"column":4},"end":{"line":176,"column":20}},"82":{"start":{"line":177,"column":4},"end":{"line":177,"column":16}}},"fnMap":{"0":{"name":"(anonymous_14)","decl":{"start":{"line":12,"column":26},"end":{"line":12,"column":33}},"loc":{"start":{"line":12,"column":51},"end":{"line":28,"column":2}}},"1":{"name":"(anonymous_15)","decl":{"start":{"line":12,"column":51},"end":{"line":12,"column":null}},"loc":{"start":{"line":12,"column":51},"end":{"line":28,"column":1}}},"2":{"name":"(anonymous_16)","decl":{"start":{"line":39,"column":44},"end":{"line":39,"column":51}},"loc":{"start":{"line":39,"column":69},"end":{"line":59,"column":2}}},"3":{"name":"(anonymous_17)","decl":{"start":{"line":39,"column":69},"end":{"line":39,"column":null}},"loc":{"start":{"line":39,"column":69},"end":{"line":59,"column":1}}},"4":{"name":"(anonymous_18)","decl":{"start":{"line":61,"column":29},"end":{"line":61,"column":36}},"loc":{"start":{"line":61,"column":54},"end":{"line":70,"column":2}}},"5":{"name":"(anonymous_19)","decl":{"start":{"line":61,"column":54},"end":{"line":61,"column":null}},"loc":{"start":{"line":61,"column":54},"end":{"line":70,"column":1}}},"6":{"name":"(anonymous_20)","decl":{"start":{"line":74,"column":25},"end":{"line":74,"column":32}},"loc":{"start":{"line":74,"column":50},"end":{"line":101,"column":2}}},"7":{"name":"(anonymous_21)","decl":{"start":{"line":74,"column":50},"end":{"line":74,"column":null}},"loc":{"start":{"line":74,"column":50},"end":{"line":101,"column":1}}},"8":{"name":"(anonymous_22)","decl":{"start":{"line":114,"column":44},"end":{"line":114,"column":51}},"loc":{"start":{"line":114,"column":69},"end":{"line":154,"column":2}}},"9":{"name":"(anonymous_23)","decl":{"start":{"line":114,"column":69},"end":{"line":114,"column":null}},"loc":{"start":{"line":114,"column":69},"end":{"line":154,"column":1}}},"10":{"name":"(anonymous_24)","decl":{"start":{"line":158,"column":25},"end":{"line":158,"column":32}},"loc":{"start":{"line":158,"column":50},"end":{"line":179,"column":2}}},"11":{"name":"(anonymous_25)","decl":{"start":{"line":158,"column":50},"end":{"line":158,"column":null}},"loc":{"start":{"line":158,"column":50},"end":{"line":179,"column":1}}}},"branchMap":{"0":{"loc":{"start":{"line":15,"column":8},"end":{"line":18,"column":9}},"type":"if","locations":[{"start":{"line":15,"column":8},"end":{"line":18,"column":9}}]},"1":{"loc":{"start":{"line":43,"column":4},"end":{"line":46,"column":5}},"type":"if","locations":[{"start":{"line":43,"column":4},"end":{"line":46,"column":5}}]},"2":{"loc":{"start":{"line":50,"column":8},"end":{"line":52,"column":9}},"type":"if","locations":[{"start":{"line":50,"column":8},"end":{"line":52,"column":9}}]},"3":{"loc":{"start":{"line":78,"column":4},"end":{"line":81,"column":5}},"type":"if","locations":[{"start":{"line":78,"column":4},"end":{"line":81,"column":5}}]},"4":{"loc":{"start":{"line":86,"column":9},"end":{"line":88,"column":12}},"type":"if","locations":[{"start":{"line":86,"column":9},"end":{"line":88,"column":12}}]},"5":{"loc":{"start":{"line":91,"column":8},"end":{"line":96,"column":9}},"type":"if","locations":[{"start":{"line":91,"column":8},"end":{"line":96,"column":9}},{"start":{"line":93,"column":15},"end":{"line":96,"column":9}}]},"6":{"loc":{"start":{"line":91,"column":11},"end":{"line":91,"column":79}},"type":"binary-expr","locations":[{"start":{"line":91,"column":11},"end":{"line":91,"column":33}},{"start":{"line":91,"column":37},"end":{"line":91,"column":79}}]},"7":{"loc":{"start":{"line":118,"column":4},"end":{"line":121,"column":5}},"type":"if","locations":[{"start":{"line":118,"column":4},"end":{"line":121,"column":5}}]},"8":{"loc":{"start":{"line":127,"column":8},"end":{"line":142,"column":9}},"type":"if","locations":[{"start":{"line":127,"column":8},"end":{"line":142,"column":9}}]},"9":{"loc":{"start":{"line":143,"column":8},"end":{"line":146,"column":9}},"type":"if","locations":[{"start":{"line":143,"column":8},"end":{"line":146,"column":9}}]},"10":{"loc":{"start":{"line":161,"column":4},"end":{"line":164,"column":5}},"type":"if","locations":[{"start":{"line":161,"column":4},"end":{"line":164,"column":5}}]},"11":{"loc":{"start":{"line":169,"column":4},"end":{"line":172,"column":5}},"type":"if","locations":[{"start":{"line":169,"column":4},"end":{"line":172,"column":5}}]}},"s":{"0":9,"1":9,"2":9,"3":9,"4":9,"5":9,"6":9,"7":4,"8":4,"9":4,"10":1,"11":3,"12":3,"13":3,"14":2,"15":1,"16":1,"17":9,"18":3,"19":3,"20":3,"21":1,"22":2,"23":2,"24":2,"25":1,"26":1,"27":1,"28":0,"29":0,"30":9,"31":2,"32":2,"33":2,"34":2,"35":0,"36":0,"37":9,"38":4,"39":4,"40":4,"41":1,"42":3,"43":3,"44":2,"45":1,"46":2,"47":1,"48":1,"49":0,"50":2,"51":2,"52":9,"53":7,"54":7,"55":7,"56":1,"57":6,"58":6,"59":6,"60":6,"61":3,"62":3,"63":1,"64":1,"65":3,"66":2,"67":2,"68":2,"69":9,"70":6,"71":6,"72":6,"73":1,"74":5,"75":5,"76":3,"77":1,"78":1,"79":3,"80":3,"81":3,"82":3},"f":{"0":4,"1":4,"2":3,"3":3,"4":2,"5":2,"6":4,"7":4,"8":7,"9":7,"10":6,"11":6},"b":{"0":[1],"1":[1],"2":[1],"3":[1],"4":[1],"5":[1,1],"6":[2,1],"7":[1],"8":[3],"9":[1],"10":[1],"11":[1]}}
,"C:\\Users\\erayz\\Dropbox\\Semester 3\\Web II\\we2.blatt07\\src\\services\\AuthenticationService.ts": {"path":"C:\\Users\\erayz\\Dropbox\\Semester 3\\Web II\\we2.blatt07\\src\\services\\AuthenticationService.ts","statementMap":{"0":{"start":{"line":1,"column":0},"end":{"line":1,"column":48}},"1":{"start":{"line":2,"column":0},"end":{"line":2,"column":50}},"2":{"start":{"line":12,"column":16},"end":{"line":12,"column":38}},"3":{"start":{"line":15,"column":4},"end":{"line":27,"column":5}},"4":{"start":{"line":15,"column":21},"end":{"line":15,"column":22}},"5":{"start":{"line":17,"column":8},"end":{"line":26,"column":9}},"6":{"start":{"line":18,"column":28},"end":{"line":18,"column":70}},"7":{"start":{"line":20,"column":12},"end":{"line":25,"column":11}},"8":{"start":{"line":21,"column":12},"end":{"line":24,"column":13}},"9":{"start":{"line":22,"column":16},"end":{"line":23,"column":56}},"10":{"start":{"line":22,"column":34},"end":{"line":22,"column":68}},"11":{"start":{"line":23,"column":22},"end":{"line":23,"column":56}},"12":{"start":{"line":29,"column":4},"end":{"line":29,"column":17}},"13":{"start":{"line":11,"column":0},"end":{"line":11,"column":22}}},"fnMap":{"0":{"name":"login","decl":{"start":{"line":11,"column":22},"end":{"line":11,"column":27}},"loc":{"start":{"line":11,"column":58},"end":{"line":30,"column":null}}}},"branchMap":{"0":{"loc":{"start":{"line":17,"column":8},"end":{"line":26,"column":9}},"type":"if","locations":[{"start":{"line":17,"column":8},"end":{"line":26,"column":9}}]},"1":{"loc":{"start":{"line":20,"column":12},"end":{"line":25,"column":11}},"type":"if","locations":[{"start":{"line":20,"column":12},"end":{"line":25,"column":11}}]},"2":{"loc":{"start":{"line":21,"column":12},"end":{"line":24,"column":13}},"type":"if","locations":[{"start":{"line":21,"column":12},"end":{"line":24,"column":13}}]},"3":{"loc":{"start":{"line":22,"column":16},"end":{"line":23,"column":56}},"type":"if","locations":[{"start":{"line":22,"column":16},"end":{"line":23,"column":56}},{"start":{"line":23,"column":20},"end":{"line":23,"column":56}}]}},"s":{"0":11,"1":11,"2":47,"3":47,"4":47,"5":75,"6":44,"7":44,"8":44,"9":43,"10":26,"11":17,"12":4,"13":11},"f":{"0":47},"b":{"0":[44],"1":[44],"2":[43],"3":[26,17]}}
,"C:\\Users\\erayz\\Dropbox\\Semester 3\\Web II\\we2.blatt07\\src\\services\\EintragService.ts": {"path":"C:\\Users\\erayz\\Dropbox\\Semester 3\\Web II\\we2.blatt07\\src\\services\\EintragService.ts","statementMap":{"0":{"start":{"line":1,"column":0},"end":{"line":1,"column":33}},"1":{"start":{"line":3,"column":0},"end":{"line":3,"column":48}},"2":{"start":{"line":4,"column":0},"end":{"line":4,"column":48}},"3":{"start":{"line":5,"column":0},"end":{"line":5,"column":52}},"4":{"start":{"line":6,"column":0},"end":{"line":6,"column":47}},"5":{"start":{"line":13,"column":16},"end":{"line":13,"column":67}},"6":{"start":{"line":15,"column":16},"end":{"line":15,"column":60}},"7":{"start":{"line":16,"column":4},"end":{"line":18,"column":5}},"8":{"start":{"line":17,"column":8},"end":{"line":17,"column":48}},"9":{"start":{"line":19,"column":16},"end":{"line":19,"column":60}},"10":{"start":{"line":20,"column":4},"end":{"line":22,"column":5}},"11":{"start":{"line":21,"column":8},"end":{"line":21,"column":46}},"12":{"start":{"line":24,"column":4},"end":{"line":36,"column":null}},"13":{"start":{"line":25,"column":8},"end":{"line":34,"column":null}},"14":{"start":{"line":12,"column":0},"end":{"line":12,"column":22}},"15":{"start":{"line":45,"column":3},"end":{"line":47,"column":4}},"16":{"start":{"line":46,"column":4},"end":{"line":46,"column":35}},"17":{"start":{"line":49,"column":15},"end":{"line":49,"column":48}},"18":{"start":{"line":50,"column":3},"end":{"line":52,"column":4}},"19":{"start":{"line":51,"column":4},"end":{"line":51,"column":42}},"20":{"start":{"line":53,"column":15},"end":{"line":53,"column":59}},"21":{"start":{"line":54,"column":3},"end":{"line":56,"column":4}},"22":{"start":{"line":55,"column":4},"end":{"line":55,"column":42}},"23":{"start":{"line":57,"column":15},"end":{"line":57,"column":61}},"24":{"start":{"line":58,"column":3},"end":{"line":60,"column":4}},"25":{"start":{"line":59,"column":4},"end":{"line":59,"column":44}},"26":{"start":{"line":62,"column":3},"end":{"line":71,"column":null}},"27":{"start":{"line":44,"column":0},"end":{"line":44,"column":22}},"28":{"start":{"line":80,"column":20},"end":{"line":80,"column":76}},"29":{"start":{"line":81,"column":4},"end":{"line":83,"column":5}},"30":{"start":{"line":82,"column":8},"end":{"line":82,"column":81}},"31":{"start":{"line":84,"column":22},"end":{"line":84,"column":80}},"32":{"start":{"line":85,"column":4},"end":{"line":87,"column":5}},"33":{"start":{"line":86,"column":8},"end":{"line":86,"column":83}},"34":{"start":{"line":88,"column":4},"end":{"line":90,"column":5}},"35":{"start":{"line":89,"column":8},"end":{"line":89,"column":71}},"36":{"start":{"line":92,"column":20},"end":{"line":98,"column":6}},"37":{"start":{"line":100,"column":4},"end":{"line":109,"column":null}},"38":{"start":{"line":79,"column":0},"end":{"line":79,"column":22}},"39":{"start":{"line":120,"column":4},"end":{"line":122,"column":5}},"40":{"start":{"line":121,"column":8},"end":{"line":121,"column":31}},"41":{"start":{"line":124,"column":16},"end":{"line":124,"column":65}},"42":{"start":{"line":125,"column":4},"end":{"line":127,"column":5}},"43":{"start":{"line":126,"column":8},"end":{"line":126,"column":46}},"44":{"start":{"line":129,"column":16},"end":{"line":129,"column":60}},"45":{"start":{"line":130,"column":4},"end":{"line":132,"column":5}},"46":{"start":{"line":131,"column":8},"end":{"line":131,"column":46}},"47":{"start":{"line":134,"column":16},"end":{"line":134,"column":62}},"48":{"start":{"line":135,"column":4},"end":{"line":137,"column":5}},"49":{"start":{"line":136,"column":8},"end":{"line":136,"column":47}},"50":{"start":{"line":139,"column":4},"end":{"line":139,"column":44}},"51":{"start":{"line":140,"column":4},"end":{"line":140,"column":38}},"52":{"start":{"line":141,"column":4},"end":{"line":141,"column":46}},"53":{"start":{"line":142,"column":4},"end":{"line":142,"column":21}},"54":{"start":{"line":145,"column":4},"end":{"line":154,"column":null}},"55":{"start":{"line":119,"column":0},"end":{"line":119,"column":22}},"56":{"start":{"line":164,"column":4},"end":{"line":166,"column":5}},"57":{"start":{"line":165,"column":8},"end":{"line":165,"column":39}},"58":{"start":{"line":168,"column":16},"end":{"line":168,"column":77}},"59":{"start":{"line":170,"column":4},"end":{"line":172,"column":5}},"60":{"start":{"line":171,"column":8},"end":{"line":171,"column":47}},"61":{"start":{"line":163,"column":0},"end":{"line":163,"column":22}}},"fnMap":{"0":{"name":"getAlleEintraege","decl":{"start":{"line":12,"column":22},"end":{"line":12,"column":38}},"loc":{"start":{"line":12,"column":58},"end":{"line":37,"column":null}}},"1":{"name":"(anonymous_9)","decl":{"start":{"line":24,"column":20},"end":{"line":24,"column":27}},"loc":{"start":{"line":24,"column":30},"end":{"line":35,"column":7}}},"2":{"name":"getEintrag","decl":{"start":{"line":44,"column":22},"end":{"line":44,"column":32}},"loc":{"start":{"line":44,"column":43},"end":{"line":72,"column":null}}},"3":{"name":"createEintrag","decl":{"start":{"line":79,"column":22},"end":{"line":79,"column":35}},"loc":{"start":{"line":79,"column":68},"end":{"line":110,"column":null}}},"4":{"name":"updateEintrag","decl":{"start":{"line":119,"column":22},"end":{"line":119,"column":35}},"loc":{"start":{"line":119,"column":68},"end":{"line":155,"column":null}}},"5":{"name":"deleteEintrag","decl":{"start":{"line":163,"column":22},"end":{"line":163,"column":35}},"loc":{"start":{"line":163,"column":46},"end":{"line":173,"column":null}}}},"branchMap":{"0":{"loc":{"start":{"line":16,"column":4},"end":{"line":18,"column":5}},"type":"if","locations":[{"start":{"line":16,"column":4},"end":{"line":18,"column":5}}]},"1":{"loc":{"start":{"line":20,"column":4},"end":{"line":22,"column":5}},"type":"if","locations":[{"start":{"line":20,"column":4},"end":{"line":22,"column":5}}]},"2":{"loc":{"start":{"line":45,"column":3},"end":{"line":47,"column":4}},"type":"if","locations":[{"start":{"line":45,"column":3},"end":{"line":47,"column":4}}]},"3":{"loc":{"start":{"line":50,"column":3},"end":{"line":52,"column":4}},"type":"if","locations":[{"start":{"line":50,"column":3},"end":{"line":52,"column":4}}]},"4":{"loc":{"start":{"line":54,"column":3},"end":{"line":56,"column":4}},"type":"if","locations":[{"start":{"line":54,"column":3},"end":{"line":56,"column":4}}]},"5":{"loc":{"start":{"line":58,"column":3},"end":{"line":60,"column":4}},"type":"if","locations":[{"start":{"line":58,"column":3},"end":{"line":60,"column":4}}]},"6":{"loc":{"start":{"line":81,"column":4},"end":{"line":83,"column":5}},"type":"if","locations":[{"start":{"line":81,"column":4},"end":{"line":83,"column":5}}]},"7":{"loc":{"start":{"line":85,"column":4},"end":{"line":87,"column":5}},"type":"if","locations":[{"start":{"line":85,"column":4},"end":{"line":87,"column":5}}]},"8":{"loc":{"start":{"line":88,"column":4},"end":{"line":90,"column":5}},"type":"if","locations":[{"start":{"line":88,"column":4},"end":{"line":90,"column":5}}]},"9":{"loc":{"start":{"line":120,"column":4},"end":{"line":122,"column":5}},"type":"if","locations":[{"start":{"line":120,"column":4},"end":{"line":122,"column":5}}]},"10":{"loc":{"start":{"line":125,"column":4},"end":{"line":127,"column":5}},"type":"if","locations":[{"start":{"line":125,"column":4},"end":{"line":127,"column":5}}]},"11":{"loc":{"start":{"line":130,"column":4},"end":{"line":132,"column":5}},"type":"if","locations":[{"start":{"line":130,"column":4},"end":{"line":132,"column":5}}]},"12":{"loc":{"start":{"line":135,"column":4},"end":{"line":137,"column":5}},"type":"if","locations":[{"start":{"line":135,"column":4},"end":{"line":137,"column":5}}]},"13":{"loc":{"start":{"line":164,"column":4},"end":{"line":166,"column":5}},"type":"if","locations":[{"start":{"line":164,"column":4},"end":{"line":166,"column":5}}]},"14":{"loc":{"start":{"line":170,"column":4},"end":{"line":172,"column":5}},"type":"if","locations":[{"start":{"line":170,"column":4},"end":{"line":172,"column":5}}]}},"s":{"0":10,"1":10,"2":10,"3":10,"4":10,"5":6,"6":6,"7":6,"8":2,"9":4,"10":4,"11":1,"12":3,"13":8,"14":10,"15":19,"16":1,"17":18,"18":18,"19":5,"20":13,"21":13,"22":1,"23":12,"24":12,"25":1,"26":11,"27":10,"28":53,"29":53,"30":2,"31":51,"32":51,"33":1,"34":50,"35":1,"36":49,"37":49,"38":10,"39":4,"40":1,"41":3,"42":3,"43":1,"44":2,"45":2,"46":0,"47":2,"48":2,"49":0,"50":2,"51":2,"52":2,"53":2,"54":2,"55":10,"56":6,"57":1,"58":5,"59":5,"60":1,"61":10},"f":{"0":6,"1":8,"2":19,"3":53,"4":4,"5":6},"b":{"0":[2],"1":[1],"2":[1],"3":[5],"4":[1],"5":[1],"6":[2],"7":[1],"8":[1],"9":[1],"10":[1],"11":[0],"12":[0],"13":[1],"14":[1]}}
,"C:\\Users\\erayz\\Dropbox\\Semester 3\\Web II\\we2.blatt07\\src\\services\\JWTService.ts": {"path":"C:\\Users\\erayz\\Dropbox\\Semester 3\\Web II\\we2.blatt07\\src\\services\\JWTService.ts","statementMap":{"0":{"start":{"line":2,"column":0},"end":{"line":2,"column":75}},"1":{"start":{"line":3,"column":0},"end":{"line":3,"column":48}},"2":{"start":{"line":9,"column":19},"end":{"line":9,"column":41}},"3":{"start":{"line":10,"column":16},"end":{"line":10,"column":60}},"4":{"start":{"line":12,"column":4},"end":{"line":14,"column":5}},"5":{"start":{"line":13,"column":8},"end":{"line":13,"column":47}},"6":{"start":{"line":16,"column":18},"end":{"line":16,"column":45}},"7":{"start":{"line":17,"column":4},"end":{"line":32,"column":5}},"8":{"start":{"line":19,"column":32},"end":{"line":22,"column":null}},"9":{"start":{"line":24,"column":4},"end":{"line":31,"column":6}},"10":{"start":{"line":8,"column":0},"end":{"line":8,"column":22}},"11":{"start":{"line":36,"column":4},"end":{"line":38,"column":5}},"12":{"start":{"line":37,"column":8},"end":{"line":37,"column":49}},"13":{"start":{"line":40,"column":19},"end":{"line":40,"column":41}},"14":{"start":{"line":41,"column":16},"end":{"line":41,"column":35}},"15":{"start":{"line":42,"column":4},"end":{"line":44,"column":5}},"16":{"start":{"line":43,"column":8},"end":{"line":43,"column":54}},"17":{"start":{"line":46,"column":21},"end":{"line":46,"column":46}},"18":{"start":{"line":47,"column":4},"end":{"line":49,"column":5}},"19":{"start":{"line":48,"column":8},"end":{"line":48,"column":32}},"20":{"start":{"line":51,"column":4},"end":{"line":55,"column":5}},"21":{"start":{"line":52,"column":8},"end":{"line":52,"column":92}},"22":{"start":{"line":54,"column":8},"end":{"line":54,"column":32}},"23":{"start":{"line":35,"column":0},"end":{"line":35,"column":16}}},"fnMap":{"0":{"name":"verifyPasswordAndCreateJWT","decl":{"start":{"line":8,"column":22},"end":{"line":8,"column":48}},"loc":{"start":{"line":8,"column":79},"end":{"line":33,"column":null}}},"1":{"name":"verifyJWT","decl":{"start":{"line":35,"column":16},"end":{"line":35,"column":25}},"loc":{"start":{"line":35,"column":55},"end":{"line":56,"column":1}}}},"branchMap":{"0":{"loc":{"start":{"line":12,"column":4},"end":{"line":14,"column":5}},"type":"if","locations":[{"start":{"line":12,"column":4},"end":{"line":14,"column":5}}]},"1":{"loc":{"start":{"line":12,"column":7},"end":{"line":12,"column":22}},"type":"binary-expr","locations":[{"start":{"line":12,"column":7},"end":{"line":12,"column":14}},{"start":{"line":12,"column":18},"end":{"line":12,"column":22}}]},"2":{"loc":{"start":{"line":17,"column":4},"end":{"line":32,"column":5}},"type":"if","locations":[{"start":{"line":17,"column":4},"end":{"line":32,"column":5}}]},"3":{"loc":{"start":{"line":36,"column":4},"end":{"line":38,"column":5}},"type":"if","locations":[{"start":{"line":36,"column":4},"end":{"line":38,"column":5}}]},"4":{"loc":{"start":{"line":42,"column":4},"end":{"line":44,"column":5}},"type":"if","locations":[{"start":{"line":42,"column":4},"end":{"line":44,"column":5}}]},"5":{"loc":{"start":{"line":42,"column":7},"end":{"line":42,"column":22}},"type":"binary-expr","locations":[{"start":{"line":42,"column":7},"end":{"line":42,"column":14}},{"start":{"line":42,"column":18},"end":{"line":42,"column":22}}]},"6":{"loc":{"start":{"line":47,"column":4},"end":{"line":49,"column":5}},"type":"if","locations":[{"start":{"line":47,"column":4},"end":{"line":49,"column":5}}]},"7":{"loc":{"start":{"line":51,"column":4},"end":{"line":55,"column":5}},"type":"if","locations":[{"start":{"line":51,"column":4},"end":{"line":55,"column":5}},{"start":{"line":53,"column":11},"end":{"line":55,"column":5}}]}},"s":{"0":10,"1":10,"2":45,"3":45,"4":45,"5":2,"6":43,"7":43,"8":41,"9":41,"10":10,"11":65,"12":2,"13":63,"14":63,"15":63,"16":1,"17":62,"18":60,"19":0,"20":60,"21":60,"22":0,"23":10},"f":{"0":45,"1":65},"b":{"0":[2],"1":[45,43],"2":[41],"3":[2],"4":[1],"5":[63,62],"6":[0],"7":[60,0]}}
,"C:\\Users\\erayz\\Dropbox\\Semester 3\\Web II\\we2.blatt07\\src\\services\\PflegerService.ts": {"path":"C:\\Users\\erayz\\Dropbox\\Semester 3\\Web II\\we2.blatt07\\src\\services\\PflegerService.ts","statementMap":{"0":{"start":{"line":1,"column":0},"end":{"line":1,"column":33}},"1":{"start":{"line":3,"column":0},"end":{"line":3,"column":48}},"2":{"start":{"line":4,"column":0},"end":{"line":4,"column":58}},"3":{"start":{"line":5,"column":0},"end":{"line":5,"column":52}},"4":{"start":{"line":12,"column":21},"end":{"line":12,"column":48}},"5":{"start":{"line":14,"column":4},"end":{"line":20,"column":null}},"6":{"start":{"line":15,"column":8},"end":{"line":19,"column":null}},"7":{"start":{"line":11,"column":0},"end":{"line":11,"column":22}},"8":{"start":{"line":27,"column":20},"end":{"line":27,"column":135}},"9":{"start":{"line":30,"column":4},"end":{"line":36,"column":null}},"10":{"start":{"line":26,"column":0},"end":{"line":26,"column":22}},"11":{"start":{"line":47,"column":22},"end":{"line":47,"column":71}},"12":{"start":{"line":50,"column":3},"end":{"line":52,"column":4}},"13":{"start":{"line":51,"column":4},"end":{"line":51,"column":87}},"14":{"start":{"line":57,"column":4},"end":{"line":57,"column":45}},"15":{"start":{"line":58,"column":4},"end":{"line":58,"column":47}},"16":{"start":{"line":60,"column":4},"end":{"line":62,"column":5}},"17":{"start":{"line":61,"column":4},"end":{"line":61,"column":54}},"18":{"start":{"line":64,"column":4},"end":{"line":64,"column":30}},"19":{"start":{"line":65,"column":3},"end":{"line":69,"column":null}},"20":{"start":{"line":45,"column":0},"end":{"line":45,"column":22}},"21":{"start":{"line":80,"column":4},"end":{"line":82,"column":5}},"22":{"start":{"line":81,"column":8},"end":{"line":81,"column":39}},"23":{"start":{"line":84,"column":15},"end":{"line":84,"column":41}},"24":{"start":{"line":86,"column":16},"end":{"line":86,"column":77}},"25":{"start":{"line":88,"column":4},"end":{"line":94,"column":5}},"26":{"start":{"line":89,"column":8},"end":{"line":89,"column":47}},"27":{"start":{"line":92,"column":8},"end":{"line":92,"column":64}},"28":{"start":{"line":93,"column":8},"end":{"line":93,"column":62}},"29":{"start":{"line":79,"column":0},"end":{"line":79,"column":22}}},"fnMap":{"0":{"name":"getAllePfleger","decl":{"start":{"line":11,"column":22},"end":{"line":11,"column":36}},"loc":{"start":{"line":11,"column":36},"end":{"line":21,"column":null}}},"1":{"name":"(anonymous_9)","decl":{"start":{"line":14,"column":25},"end":{"line":14,"column":32}},"loc":{"start":{"line":14,"column":35},"end":{"line":20,"column":5}}},"2":{"name":"createPfleger","decl":{"start":{"line":26,"column":22},"end":{"line":26,"column":35}},"loc":{"start":{"line":26,"column":68},"end":{"line":37,"column":null}}},"3":{"name":"updatePfleger","decl":{"start":{"line":45,"column":22},"end":{"line":45,"column":35}},"loc":{"start":{"line":45,"column":68},"end":{"line":71,"column":null}}},"4":{"name":"deletePfleger","decl":{"start":{"line":79,"column":22},"end":{"line":79,"column":35}},"loc":{"start":{"line":79,"column":46},"end":{"line":97,"column":null}}}},"branchMap":{"0":{"loc":{"start":{"line":50,"column":3},"end":{"line":52,"column":4}},"type":"if","locations":[{"start":{"line":50,"column":3},"end":{"line":52,"column":4}}]},"1":{"loc":{"start":{"line":60,"column":4},"end":{"line":62,"column":5}},"type":"if","locations":[{"start":{"line":60,"column":4},"end":{"line":62,"column":5}}]},"2":{"loc":{"start":{"line":80,"column":4},"end":{"line":82,"column":5}},"type":"if","locations":[{"start":{"line":80,"column":4},"end":{"line":82,"column":5}}]},"3":{"loc":{"start":{"line":88,"column":4},"end":{"line":94,"column":5}},"type":"if","locations":[{"start":{"line":88,"column":4},"end":{"line":94,"column":5}},{"start":{"line":90,"column":10},"end":{"line":94,"column":5}}]}},"s":{"0":14,"1":14,"2":14,"3":14,"4":49,"5":49,"6":118,"7":14,"8":144,"9":143,"10":14,"11":4,"12":4,"13":2,"14":2,"15":2,"16":2,"17":2,"18":2,"19":2,"20":14,"21":6,"22":1,"23":5,"24":5,"25":5,"26":3,"27":2,"28":2,"29":14},"f":{"0":49,"1":118,"2":144,"3":4,"4":6},"b":{"0":[2],"1":[2],"2":[1],"3":[3,2]}}
,"C:\\Users\\erayz\\Dropbox\\Semester 3\\Web II\\we2.blatt07\\src\\services\\ProtokollService.ts": {"path":"C:\\Users\\erayz\\Dropbox\\Semester 3\\Web II\\we2.blatt07\\src\\services\\ProtokollService.ts","statementMap":{"0":{"start":{"line":1,"column":0},"end":{"line":1,"column":43}},"1":{"start":{"line":3,"column":0},"end":{"line":3,"column":48}},"2":{"start":{"line":4,"column":0},"end":{"line":4,"column":58}},"3":{"start":{"line":5,"column":0},"end":{"line":5,"column":52}},"4":{"start":{"line":6,"column":0},"end":{"line":6,"column":61}},"5":{"start":{"line":16,"column":21},"end":{"line":16,"column":50}},"6":{"start":{"line":20,"column":23},"end":{"line":20,"column":24}},"7":{"start":{"line":22,"column":4},"end":{"line":42,"column":5}},"8":{"start":{"line":23,"column":5},"end":{"line":23,"column":99}},"9":{"start":{"line":23,"column":40},"end":{"line":23,"column":97}},"10":{"start":{"line":24,"column":5},"end":{"line":24,"column":56}},"11":{"start":{"line":25,"column":8},"end":{"line":27,"column":9}},"12":{"start":{"line":26,"column":12},"end":{"line":26,"column":49}},"13":{"start":{"line":29,"column":4},"end":{"line":38,"column":13}},"14":{"start":{"line":30,"column":6},"end":{"line":37,"column":7}},"15":{"start":{"line":30,"column":22},"end":{"line":30,"column":23}},"16":{"start":{"line":31,"column":18},"end":{"line":31,"column":76}},"17":{"start":{"line":33,"column":6},"end":{"line":36,"column":7}},"18":{"start":{"line":33,"column":23},"end":{"line":33,"column":24}},"19":{"start":{"line":34,"column":24},"end":{"line":34,"column":36}},"20":{"start":{"line":35,"column":8},"end":{"line":35,"column":38}},"21":{"start":{"line":41,"column":8},"end":{"line":41,"column":60}},"22":{"start":{"line":41,"column":41},"end":{"line":41,"column":58}},"23":{"start":{"line":45,"column":4},"end":{"line":57,"column":null}},"24":{"start":{"line":46,"column":8},"end":{"line":56,"column":null}},"25":{"start":{"line":15,"column":0},"end":{"line":15,"column":22}},"26":{"start":{"line":66,"column":4},"end":{"line":68,"column":5}},"27":{"start":{"line":67,"column":8},"end":{"line":67,"column":35}},"28":{"start":{"line":70,"column":22},"end":{"line":70,"column":57}},"29":{"start":{"line":71,"column":21},"end":{"line":71,"column":22}},"30":{"start":{"line":72,"column":4},"end":{"line":74,"column":5}},"31":{"start":{"line":73,"column":8},"end":{"line":73,"column":41}},"32":{"start":{"line":76,"column":20},"end":{"line":76,"column":71}},"33":{"start":{"line":78,"column":4},"end":{"line":80,"column":5}},"34":{"start":{"line":79,"column":8},"end":{"line":79,"column":45}},"35":{"start":{"line":82,"column":4},"end":{"line":89,"column":13}},"36":{"start":{"line":83,"column":18},"end":{"line":83,"column":60}},"37":{"start":{"line":85,"column":8},"end":{"line":88,"column":9}},"38":{"start":{"line":85,"column":25},"end":{"line":85,"column":26}},"39":{"start":{"line":86,"column":26},"end":{"line":86,"column":36}},"40":{"start":{"line":87,"column":10},"end":{"line":87,"column":40}},"41":{"start":{"line":90,"column":4},"end":{"line":100,"column":null}},"42":{"start":{"line":64,"column":0},"end":{"line":64,"column":22}},"43":{"start":{"line":107,"column":15},"end":{"line":107,"column":73}},"44":{"start":{"line":108,"column":4},"end":{"line":110,"column":5}},"45":{"start":{"line":109,"column":8},"end":{"line":109,"column":44}},"46":{"start":{"line":111,"column":22},"end":{"line":111,"column":248}},"47":{"start":{"line":113,"column":4},"end":{"line":122,"column":null}},"48":{"start":{"line":106,"column":0},"end":{"line":106,"column":22}},"49":{"start":{"line":129,"column":25},"end":{"line":129,"column":78}},"50":{"start":{"line":131,"column":3},"end":{"line":133,"column":4}},"51":{"start":{"line":132,"column":5},"end":{"line":132,"column":47}},"52":{"start":{"line":135,"column":3},"end":{"line":135,"column":53}},"53":{"start":{"line":136,"column":3},"end":{"line":136,"column":63}},"54":{"start":{"line":137,"column":3},"end":{"line":137,"column":51}},"55":{"start":{"line":138,"column":3},"end":{"line":138,"column":77}},"56":{"start":{"line":139,"column":3},"end":{"line":139,"column":51}},"57":{"start":{"line":141,"column":3},"end":{"line":141,"column":30}},"58":{"start":{"line":143,"column":13},"end":{"line":143,"column":62}},"59":{"start":{"line":145,"column":3},"end":{"line":155,"column":null}},"60":{"start":{"line":128,"column":0},"end":{"line":128,"column":22}},"61":{"start":{"line":166,"column":4},"end":{"line":168,"column":5}},"62":{"start":{"line":167,"column":8},"end":{"line":167,"column":35}},"63":{"start":{"line":170,"column":14},"end":{"line":170,"column":49}},"64":{"start":{"line":173,"column":16},"end":{"line":173,"column":79}},"65":{"start":{"line":175,"column":4},"end":{"line":179,"column":5}},"66":{"start":{"line":176,"column":8},"end":{"line":176,"column":45}},"67":{"start":{"line":178,"column":8},"end":{"line":178,"column":55}},"68":{"start":{"line":164,"column":0},"end":{"line":164,"column":22}}},"fnMap":{"0":{"name":"getAlleProtokolle","decl":{"start":{"line":15,"column":22},"end":{"line":15,"column":39}},"loc":{"start":{"line":15,"column":58},"end":{"line":58,"column":null}}},"1":{"name":"(anonymous_9)","decl":{"start":{"line":23,"column":33},"end":{"line":23,"column":34}},"loc":{"start":{"line":23,"column":40},"end":{"line":23,"column":97}}},"2":{"name":"(anonymous_10)","decl":{"start":{"line":41,"column":36},"end":{"line":41,"column":37}},"loc":{"start":{"line":41,"column":41},"end":{"line":41,"column":58}}},"3":{"name":"(anonymous_11)","decl":{"start":{"line":45,"column":24},"end":{"line":45,"column":33}},"loc":{"start":{"line":45,"column":36},"end":{"line":57,"column":4}}},"4":{"name":"getProtokoll","decl":{"start":{"line":64,"column":22},"end":{"line":64,"column":34}},"loc":{"start":{"line":64,"column":45},"end":{"line":101,"column":null}}},"5":{"name":"createProtokoll","decl":{"start":{"line":106,"column":22},"end":{"line":106,"column":37}},"loc":{"start":{"line":106,"column":74},"end":{"line":123,"column":null}}},"6":{"name":"updateProtokoll","decl":{"start":{"line":128,"column":22},"end":{"line":128,"column":37}},"loc":{"start":{"line":128,"column":74},"end":{"line":156,"column":null}}},"7":{"name":"deleteProtokoll","decl":{"start":{"line":164,"column":22},"end":{"line":164,"column":37}},"loc":{"start":{"line":164,"column":48},"end":{"line":181,"column":null}}}},"branchMap":{"0":{"loc":{"start":{"line":22,"column":4},"end":{"line":42,"column":5}},"type":"if","locations":[{"start":{"line":22,"column":4},"end":{"line":42,"column":5}},{"start":{"line":40,"column":10},"end":{"line":42,"column":5}}]},"1":{"loc":{"start":{"line":23,"column":40},"end":{"line":23,"column":97}},"type":"binary-expr","locations":[{"start":{"line":23,"column":40},"end":{"line":23,"column":76}},{"start":{"line":23,"column":80},"end":{"line":23,"column":97}}]},"2":{"loc":{"start":{"line":25,"column":8},"end":{"line":27,"column":9}},"type":"if","locations":[{"start":{"line":25,"column":8},"end":{"line":27,"column":9}}]},"3":{"loc":{"start":{"line":53,"column":28},"end":{"line":53,"column":41}},"type":"cond-expr","locations":[{"start":{"line":53,"column":35},"end":{"line":53,"column":37}},{"start":{"line":53,"column":28},"end":{"line":53,"column":41}}]},"4":{"loc":{"start":{"line":53,"column":28},"end":{"line":53,"column":37}},"type":"binary-expr","locations":[{"start":{"line":53,"column":28},"end":{"line":53,"column":37}},{"start":{"line":53,"column":28},"end":{"line":53,"column":37}}]},"5":{"loc":{"start":{"line":66,"column":4},"end":{"line":68,"column":5}},"type":"if","locations":[{"start":{"line":66,"column":4},"end":{"line":68,"column":5}}]},"6":{"loc":{"start":{"line":66,"column":7},"end":{"line":66,"column":23}},"type":"binary-expr","locations":[{"start":{"line":66,"column":7},"end":{"line":66,"column":10}},{"start":{"line":66,"column":14},"end":{"line":66,"column":23}}]},"7":{"loc":{"start":{"line":72,"column":4},"end":{"line":74,"column":5}},"type":"if","locations":[{"start":{"line":72,"column":4},"end":{"line":74,"column":5}}]},"8":{"loc":{"start":{"line":76,"column":43},"end":{"line":76,"column":63}},"type":"cond-expr","locations":[{"start":{"line":76,"column":52},"end":{"line":76,"column":54}},{"start":{"line":76,"column":43},"end":{"line":76,"column":63}}]},"9":{"loc":{"start":{"line":76,"column":43},"end":{"line":76,"column":54}},"type":"binary-expr","locations":[{"start":{"line":76,"column":43},"end":{"line":76,"column":54}},{"start":{"line":76,"column":43},"end":{"line":76,"column":54}}]},"10":{"loc":{"start":{"line":78,"column":4},"end":{"line":80,"column":5}},"type":"if","locations":[{"start":{"line":78,"column":4},"end":{"line":80,"column":5}}]},"11":{"loc":{"start":{"line":108,"column":4},"end":{"line":110,"column":5}},"type":"if","locations":[{"start":{"line":108,"column":4},"end":{"line":110,"column":5}}]},"12":{"loc":{"start":{"line":131,"column":3},"end":{"line":133,"column":4}},"type":"if","locations":[{"start":{"line":131,"column":3},"end":{"line":133,"column":4}}]},"13":{"loc":{"start":{"line":166,"column":4},"end":{"line":168,"column":5}},"type":"if","locations":[{"start":{"line":166,"column":4},"end":{"line":168,"column":5}}]},"14":{"loc":{"start":{"line":175,"column":4},"end":{"line":179,"column":5}},"type":"if","locations":[{"start":{"line":175,"column":4},"end":{"line":179,"column":5}},{"start":{"line":177,"column":10},"end":{"line":179,"column":5}}]}},"s":{"0":10,"1":10,"2":10,"3":10,"4":10,"5":5,"6":5,"7":5,"8":2,"9":12,"10":2,"11":2,"12":1,"13":1,"14":1,"15":1,"16":4,"17":4,"18":4,"19":3,"20":3,"21":3,"22":17,"23":4,"24":17,"25":10,"26":24,"27":1,"28":23,"29":23,"30":23,"31":4,"32":19,"33":19,"34":1,"35":18,"36":18,"37":18,"38":18,"39":12,"40":12,"41":18,"42":10,"43":64,"44":64,"45":1,"46":63,"47":63,"48":10,"49":5,"50":5,"51":2,"52":3,"53":3,"54":3,"55":3,"56":3,"57":3,"58":3,"59":3,"60":10,"61":7,"62":1,"63":6,"64":6,"65":6,"66":2,"67":4,"68":10},"f":{"0":5,"1":12,"2":17,"3":17,"4":24,"5":64,"6":5,"7":7},"b":{"0":[2,3],"1":[12,9],"2":[1],"3":[13,4],"4":[17,17],"5":[1],"6":[24,23],"7":[4],"8":[0,19],"9":[19,19],"10":[1],"11":[1],"12":[2],"13":[1],"14":[2,4]}}
,"C:\\Users\\erayz\\Dropbox\\Semester 3\\Web II\\we2.blatt07\\src\\services\\ServiceHelper.ts": {"path":"C:\\Users\\erayz\\Dropbox\\Semester 3\\Web II\\we2.blatt07\\src\\services\\ServiceHelper.ts","statementMap":{"0":{"start":{"line":2,"column":4},"end":{"line":2,"column":97}},"1":{"start":{"line":1,"column":0},"end":{"line":1,"column":16}},"2":{"start":{"line":6,"column":18},"end":{"line":6,"column":39}},"3":{"start":{"line":7,"column":4},"end":{"line":7,"column":60}},"4":{"start":{"line":5,"column":0},"end":{"line":5,"column":16}}},"fnMap":{"0":{"name":"dateToString","decl":{"start":{"line":1,"column":16},"end":{"line":1,"column":28}},"loc":{"start":{"line":1,"column":39},"end":{"line":3,"column":1}}},"1":{"name":"stringToDate","decl":{"start":{"line":5,"column":16},"end":{"line":5,"column":28}},"loc":{"start":{"line":5,"column":47},"end":{"line":8,"column":1}}}},"branchMap":{},"s":{"0":309,"1":12,"2":6,"3":6,"4":12},"f":{"0":309,"1":6},"b":{}}
}
