TN:
SF:src\app.ts
FNF:0
FNH:0
DA:1,9
DA:2,9
DA:4,9
DA:5,9
DA:6,9
DA:7,9
DA:8,9
DA:10,9
DA:13,9
DA:14,9
DA:16,9
DA:17,9
DA:18,9
DA:19,9
DA:23,9
LF:15
LH:15
BRF:0
BRH:0
end_of_record
TN:
SF:src\model\EintragModel.ts
FNF:0
FNH:0
DA:1,15
DA:12,15
DA:20,15
LF:3
LH:3
BRF:0
BRH:0
end_of_record
TN:
SF:src\model\PflegerModel.ts
FN:27,(anonymous_13)
FN:38,(anonymous_15)
FN:45,(anonymous_17)
FNF:3
FNH:3
FNDA:53,(anonymous_13)
FNDA:158,(anonymous_15)
FNDA:1,(anonymous_17)
DA:1,17
DA:2,17
DA:18,17
DA:26,17
DA:29,53
DA:30,4
DA:33,49
DA:38,17
DA:39,158
DA:40,158
DA:45,17
DA:47,1
DA:48,1
DA:50,1
DA:55,17
LF:15
LH:15
BRDA:29,0,0,4
BRDA:39,1,0,158
BRDA:48,2,0,1
BRDA:48,3,0,1
BRDA:48,3,1,1
BRF:5
BRH:5
end_of_record
TN:
SF:src\model\ProtokollModel.ts
FNF:0
FNH:0
DA:1,16
DA:12,16
DA:20,16
LF:3
LH:3
BRF:0
BRH:0
end_of_record
TN:
SF:src\routes\authentication.ts
FN:19,requiresAuthentication
FN:49,optionalAuthentication
FNF:2
FNH:2
FNDA:48,requiresAuthentication
FNDA:15,optionalAuthentication
DA:2,9
DA:19,9
DA:20,48
DA:22,48
DA:24,48
DA:25,48
DA:27,48
DA:28,3
DA:31,48
DA:35,45
DA:36,45
DA:39,45
DA:43,3
DA:44,3
DA:49,9
DA:50,15
DA:53,15
DA:54,15
DA:56,15
DA:57,15
DA:58,15
DA:60,14
DA:61,0
DA:63,14
DA:64,14
DA:65,14
DA:68,14
DA:70,1
DA:71,1
LF:29
LH:28
BRDA:25,0,0,48
BRDA:25,0,1,45
BRDA:27,1,0,3
BRDA:54,2,0,15
BRDA:54,2,1,15
BRDA:56,3,0,15
BRDA:60,4,0,0
BRDA:63,5,0,14
BRF:8
BRH:7
end_of_record
TN:
SF:src\routes\eintrag.ts
FN:18,(anonymous_14)
FN:18,(anonymous_15)
FN:46,(anonymous_16)
FN:46,(anonymous_17)
FN:88,(anonymous_18)
FN:88,(anonymous_19)
FN:140,(anonymous_20)
FN:140,(anonymous_21)
FNF:8
FNH:8
FNDA:4,(anonymous_14)
FNDA:4,(anonymous_15)
FNDA:5,(anonymous_16)
FNDA:5,(anonymous_17)
FNDA:5,(anonymous_18)
FNDA:5,(anonymous_19)
FNDA:6,(anonymous_20)
FNDA:6,(anonymous_21)
DA:1,9
DA:2,9
DA:4,9
DA:5,9
DA:6,9
DA:8,9
DA:10,9
DA:18,4
DA:19,4
DA:21,4
DA:22,1
DA:26,3
DA:27,3
DA:28,3
DA:30,3
DA:31,2
DA:32,2
DA:35,3
DA:36,2
DA:38,2
DA:39,2
DA:44,9
DA:46,5
DA:48,5
DA:50,5
DA:51,1
DA:55,4
DA:57,4
DA:58,4
DA:59,3
DA:62,3
DA:63,1
DA:64,2
DA:65,1
DA:67,1
DA:68,1
DA:72,1
DA:73,1
DA:78,9
DA:88,5
DA:90,5
DA:92,5
DA:93,1
DA:98,4
DA:100,4
DA:102,4
DA:104,4
DA:105,1
DA:120,3
DA:121,2
DA:122,2
DA:123,1
DA:124,1
DA:127,1
DA:128,1
DA:132,1
DA:133,1
DA:138,9
DA:140,6
DA:142,6
DA:144,6
DA:145,1
DA:150,5
DA:153,5
DA:154,5
DA:155,4
DA:157,4
DA:158,3
DA:159,3
DA:161,1
DA:162,1
DA:166,1
DA:167,1
LF:73
LH:73
BRDA:21,0,0,1
BRDA:30,1,0,2
BRDA:30,2,0,3
BRDA:30,2,1,2
BRDA:50,3,0,1
BRDA:62,4,0,1
BRDA:62,4,1,2
BRDA:64,5,0,1
BRDA:64,5,1,1
BRDA:64,6,0,2
BRDA:64,6,1,2
BRDA:64,6,2,1
BRDA:92,7,0,1
BRDA:104,8,0,1
BRDA:122,9,0,1
BRDA:122,9,1,1
BRDA:122,10,0,2
BRDA:122,10,1,1
BRDA:144,11,0,1
BRDA:157,12,0,3
BRDA:157,12,1,1
BRDA:157,13,0,4
BRDA:157,13,1,2
BRF:23
BRH:23
end_of_record
TN:
SF:src\routes\login.ts
FN:10,(anonymous_8)
FN:10,(anonymous_9)
FN:39,(anonymous_10)
FN:39,(anonymous_11)
FN:59,(anonymous_12)
FN:59,(anonymous_13)
FNF:6
FNH:6
FNDA:44,(anonymous_8)
FNDA:44,(anonymous_9)
FNDA:2,(anonymous_10)
FNDA:2,(anonymous_11)
FNDA:1,(anonymous_12)
FNDA:1,(anonymous_13)
DA:1,9
DA:2,9
DA:3,9
DA:6,9
DA:8,9
DA:10,44
DA:13,44
DA:15,44
DA:16,1
DA:21,43
DA:22,43
DA:23,43
DA:25,42
DA:30,42
DA:33,1
DA:34,1
DA:39,9
DA:41,2
DA:43,2
DA:44,2
DA:45,1
DA:47,1
DA:48,1
DA:54,0
DA:59,9
DA:61,1
DA:67,1
DA:68,1
LF:28
LH:27
BRDA:15,0,0,1
BRF:1
BRH:1
end_of_record
TN:
SF:src\routes\pfleger.ts
FN:12,(anonymous_14)
FN:12,(anonymous_15)
FN:29,(anonymous_16)
FN:29,(anonymous_17)
FN:56,(anonymous_18)
FN:56,(anonymous_19)
FN:105,(anonymous_20)
FN:105,(anonymous_21)
FNF:8
FNH:8
FNDA:2,(anonymous_14)
FNDA:2,(anonymous_15)
FNDA:4,(anonymous_16)
FNDA:4,(anonymous_17)
FNDA:5,(anonymous_18)
FNDA:5,(anonymous_19)
FNDA:5,(anonymous_20)
FNDA:5,(anonymous_21)
DA:1,9
DA:2,9
DA:4,9
DA:5,9
DA:8,9
DA:10,9
DA:12,2
DA:13,2
DA:14,1
DA:16,1
DA:17,1
DA:18,1
DA:20,0
DA:21,0
DA:25,9
DA:29,4
DA:30,4
DA:32,4
DA:33,1
DA:37,3
DA:38,3
DA:39,3
DA:40,1
DA:42,2
DA:43,1
DA:45,1
DA:46,1
DA:50,9
DA:56,5
DA:58,5
DA:60,5
DA:61,1
DA:65,4
DA:67,4
DA:68,1
DA:85,3
DA:86,3
DA:87,3
DA:88,1
DA:95,2
DA:96,1
DA:98,2
DA:99,2
DA:103,9
DA:105,5
DA:106,5
DA:107,5
DA:109,5
DA:110,1
DA:114,4
DA:115,1
DA:118,3
DA:119,1
DA:122,2
DA:123,2
DA:124,1
DA:126,1
DA:127,1
LF:58
LH:56
BRDA:13,0,0,1
BRDA:32,1,0,1
BRDA:39,2,0,1
BRDA:60,3,0,1
BRDA:67,4,0,1
BRDA:87,5,0,1
BRDA:109,6,0,1
BRDA:114,7,0,1
BRDA:118,8,0,1
BRF:9
BRH:9
end_of_record
TN:
SF:src\routes\protokoll.ts
FN:12,(anonymous_14)
FN:12,(anonymous_15)
FN:39,(anonymous_16)
FN:39,(anonymous_17)
FN:61,(anonymous_18)
FN:61,(anonymous_19)
FN:74,(anonymous_20)
FN:74,(anonymous_21)
FN:114,(anonymous_22)
FN:114,(anonymous_23)
FN:158,(anonymous_24)
FN:158,(anonymous_25)
FNF:12
FNH:12
FNDA:4,(anonymous_14)
FNDA:4,(anonymous_15)
FNDA:3,(anonymous_16)
FNDA:3,(anonymous_17)
FNDA:2,(anonymous_18)
FNDA:2,(anonymous_19)
FNDA:4,(anonymous_20)
FNDA:4,(anonymous_21)
FNDA:7,(anonymous_22)
FNDA:7,(anonymous_23)
FNDA:6,(anonymous_24)
FNDA:6,(anonymous_25)
DA:1,9
DA:2,9
DA:3,9
DA:5,9
DA:6,9
DA:8,9
DA:10,9
DA:12,4
DA:13,4
DA:15,4
DA:16,1
DA:20,3
DA:21,3
DA:22,3
DA:23,2
DA:25,1
DA:26,1
DA:30,9
DA:39,3
DA:41,3
DA:43,3
DA:44,1
DA:48,2
DA:49,2
DA:50,2
DA:51,1
DA:53,1
DA:54,1
DA:56,0
DA:57,0
DA:61,9
DA:63,2
DA:64,2
DA:65,2
DA:67,0
DA:68,0
DA:72,9
DA:74,4
DA:76,4
DA:78,4
DA:79,1
DA:83,3
DA:84,3
DA:86,2
DA:87,1
DA:91,2
DA:92,1
DA:94,1
DA:95,0
DA:98,2
DA:99,2
DA:103,9
DA:114,7
DA:116,7
DA:118,7
DA:119,1
DA:123,6
DA:124,6
DA:125,6
DA:127,6
DA:128,3
DA:143,3
DA:144,1
DA:145,1
DA:148,3
DA:149,2
DA:151,2
DA:152,2
DA:156,9
DA:158,6
DA:159,6
DA:161,6
DA:162,1
DA:166,5
DA:167,5
DA:169,3
DA:170,1
DA:171,1
DA:173,3
DA:174,3
DA:176,3
DA:177,3
LF:82
LH:77
BRDA:15,0,0,1
BRDA:43,1,0,1
BRDA:50,2,0,1
BRDA:78,3,0,1
BRDA:86,4,0,1
BRDA:91,5,0,1
BRDA:91,5,1,1
BRDA:91,6,0,2
BRDA:91,6,1,1
BRDA:118,7,0,1
BRDA:127,8,0,3
BRDA:143,9,0,1
BRDA:161,10,0,1
BRDA:169,11,0,1
BRF:14
BRH:14
end_of_record
TN:
SF:src\services\AuthenticationService.ts
FN:11,login
FNF:1
FNH:1
FNDA:47,login
DA:1,11
DA:2,11
DA:11,11
DA:12,47
DA:15,47
DA:17,75
DA:18,44
DA:20,44
DA:21,44
DA:22,43
DA:23,17
DA:29,4
LF:12
LH:12
BRDA:17,0,0,44
BRDA:20,1,0,44
BRDA:21,2,0,43
BRDA:22,3,0,26
BRDA:22,3,1,17
BRF:5
BRH:5
end_of_record
TN:
SF:src\services\EintragService.ts
FN:12,getAlleEintraege
FN:24,(anonymous_9)
FN:44,getEintrag
FN:79,createEintrag
FN:119,updateEintrag
FN:163,deleteEintrag
FNF:6
FNH:6
FNDA:6,getAlleEintraege
FNDA:8,(anonymous_9)
FNDA:19,getEintrag
FNDA:53,createEintrag
FNDA:4,updateEintrag
FNDA:6,deleteEintrag
DA:1,10
DA:3,10
DA:4,10
DA:5,10
DA:6,10
DA:12,10
DA:13,6
DA:15,6
DA:16,6
DA:17,2
DA:19,4
DA:20,4
DA:21,1
DA:24,3
DA:25,8
DA:44,10
DA:45,19
DA:46,1
DA:49,18
DA:50,18
DA:51,5
DA:53,13
DA:54,13
DA:55,1
DA:57,12
DA:58,12
DA:59,1
DA:62,11
DA:79,10
DA:80,53
DA:81,53
DA:82,2
DA:84,51
DA:85,51
DA:86,1
DA:88,50
DA:89,1
DA:92,49
DA:100,49
DA:119,10
DA:120,4
DA:121,1
DA:124,3
DA:125,3
DA:126,1
DA:129,2
DA:130,2
DA:131,0
DA:134,2
DA:135,2
DA:136,0
DA:139,2
DA:140,2
DA:141,2
DA:142,2
DA:145,2
DA:163,10
DA:164,6
DA:165,1
DA:168,5
DA:170,5
DA:171,1
LF:62
LH:60
BRDA:16,0,0,2
BRDA:20,1,0,1
BRDA:45,2,0,1
BRDA:50,3,0,5
BRDA:54,4,0,1
BRDA:58,5,0,1
BRDA:81,6,0,2
BRDA:85,7,0,1
BRDA:88,8,0,1
BRDA:120,9,0,1
BRDA:125,10,0,1
BRDA:130,11,0,0
BRDA:135,12,0,0
BRDA:164,13,0,1
BRDA:170,14,0,1
BRF:15
BRH:13
end_of_record
TN:
SF:src\services\JWTService.ts
FN:8,verifyPasswordAndCreateJWT
FN:35,verifyJWT
FNF:2
FNH:2
FNDA:45,verifyPasswordAndCreateJWT
FNDA:65,verifyJWT
DA:2,10
DA:3,10
DA:8,10
DA:9,45
DA:10,45
DA:12,45
DA:13,2
DA:16,43
DA:17,43
DA:19,41
DA:24,41
DA:35,10
DA:36,65
DA:37,2
DA:40,63
DA:41,63
DA:42,63
DA:43,1
DA:46,62
DA:47,60
DA:48,0
DA:51,60
DA:52,60
DA:54,0
LF:24
LH:22
BRDA:12,0,0,2
BRDA:12,1,0,45
BRDA:12,1,1,43
BRDA:17,2,0,41
BRDA:36,3,0,2
BRDA:42,4,0,1
BRDA:42,5,0,63
BRDA:42,5,1,62
BRDA:47,6,0,0
BRDA:51,7,0,60
BRDA:51,7,1,0
BRF:11
BRH:9
end_of_record
TN:
SF:src\services\PflegerService.ts
FN:11,getAllePfleger
FN:14,(anonymous_9)
FN:26,createPfleger
FN:45,updatePfleger
FN:79,deletePfleger
FNF:5
FNH:5
FNDA:49,getAllePfleger
FNDA:118,(anonymous_9)
FNDA:144,createPfleger
FNDA:4,updatePfleger
FNDA:6,deletePfleger
DA:1,14
DA:3,14
DA:4,14
DA:5,14
DA:11,14
DA:12,49
DA:14,49
DA:15,118
DA:26,14
DA:27,144
DA:30,143
DA:45,14
DA:47,4
DA:50,4
DA:51,2
DA:57,2
DA:58,2
DA:60,2
DA:61,2
DA:64,2
DA:65,2
DA:79,14
DA:80,6
DA:81,1
DA:84,5
DA:86,5
DA:88,5
DA:89,3
DA:92,2
DA:93,2
LF:30
LH:30
BRDA:50,0,0,2
BRDA:60,1,0,2
BRDA:80,2,0,1
BRDA:88,3,0,3
BRDA:88,3,1,2
BRF:5
BRH:5
end_of_record
TN:
SF:src\services\ProtokollService.ts
FN:15,getAlleProtokolle
FN:23,(anonymous_9)
FN:41,(anonymous_10)
FN:45,(anonymous_11)
FN:64,getProtokoll
FN:106,createProtokoll
FN:128,updateProtokoll
FN:164,deleteProtokoll
FNF:8
FNH:8
FNDA:5,getAlleProtokolle
FNDA:12,(anonymous_9)
FNDA:17,(anonymous_10)
FNDA:17,(anonymous_11)
FNDA:24,getProtokoll
FNDA:64,createProtokoll
FNDA:5,updateProtokoll
FNDA:7,deleteProtokoll
DA:1,10
DA:3,10
DA:4,10
DA:5,10
DA:6,10
DA:15,10
DA:16,5
DA:20,5
DA:22,5
DA:23,12
DA:24,2
DA:25,2
DA:26,1
DA:29,1
DA:30,1
DA:31,4
DA:33,4
DA:34,3
DA:35,3
DA:41,17
DA:45,4
DA:46,17
DA:64,10
DA:66,24
DA:67,1
DA:70,23
DA:71,23
DA:72,23
DA:73,4
DA:76,19
DA:78,19
DA:79,1
DA:82,18
DA:83,18
DA:85,18
DA:86,12
DA:87,12
DA:90,18
DA:106,10
DA:107,64
DA:108,64
DA:109,1
DA:111,63
DA:113,63
DA:128,10
DA:129,5
DA:131,5
DA:132,2
DA:135,3
DA:136,3
DA:137,3
DA:138,3
DA:139,3
DA:141,3
DA:143,3
DA:145,3
DA:164,10
DA:166,7
DA:167,1
DA:170,6
DA:173,6
DA:175,6
DA:176,2
DA:178,4
LF:64
LH:64
BRDA:22,0,0,2
BRDA:22,0,1,3
BRDA:23,1,0,12
BRDA:23,1,1,9
BRDA:25,2,0,1
BRDA:53,3,0,13
BRDA:53,3,1,4
BRDA:53,4,0,17
BRDA:53,4,1,17
BRDA:66,5,0,1
BRDA:66,6,0,24
BRDA:66,6,1,23
BRDA:72,7,0,4
BRDA:76,8,0,0
BRDA:76,8,1,19
BRDA:76,9,0,19
BRDA:76,9,1,19
BRDA:78,10,0,1
BRDA:108,11,0,1
BRDA:131,12,0,2
BRDA:166,13,0,1
BRDA:175,14,0,2
BRDA:175,14,1,4
BRF:23
BRH:22
end_of_record
TN:
SF:src\services\ServiceHelper.ts
FN:1,dateToString
FN:5,stringToDate
FNF:2
FNH:2
FNDA:309,dateToString
FNDA:6,stringToDate
DA:1,12
DA:2,309
DA:5,12
DA:6,6
DA:7,6
LF:5
LH:5
BRF:0
BRH:0
end_of_record
